#
# A fatal error has been detected by the Java Runtime Environment:
#
#  SIGSEGV (0xb) at pc=0x000000010164c594, pid=75440, tid=0x0000000000004b03
#
# JRE version: Java(TM) SE Runtime Environment (8.0_101-b13) (build 1.8.0_101-b13)
# Java VM: Java HotSpot(TM) 64-Bit Server VM (25.101-b13 mixed mode bsd-amd64 compressed oops)
# Problematic frame:
# V  [libjvm.dylib+0x44c594]
#
# Failed to write core dump. Core dumps have been disabled. To enable core dumping, try "ulimit -c unlimited" before starting Java again
#
# If you would like to submit a bug report, please visit:
#   http://bugreport.java.com/bugreport/crash.jsp
#

---------------  T H R E A D  ---------------

Current thread (0x00007ff38380c000):  JavaThread "JDWP Transport Listener: dt_socket" daemon [_thread_in_vm, id=19203, stack(0x000070000e546000,0x000070000e646000)]

siginfo: si_signo: 11 (SIGSEGV), si_code: 0 (unknown), si_addr: 0x0000000000000000

Registers:
RAX=0x0000000000000001, RBX=0x000070000e645a8b, RCX=0x0000000101a1f360, RDX=0x000070000e645a8b
RSP=0x000070000e6459d0, RBP=0x000070000e6459e0, RSI=0x00007ff38380c000, RDI=0x001a000000000000
R8 =0x0000000000000000, R9 =0x00007ff382d10680, R10=0x0000000000000001, R11=0x0000000000000001
R12=0x00007ff38380c000, R13=0x001a000000000000, R14=0x001a000000000000, R15=0x00007ff382e02990
RIP=0x000000010164c594, EFLAGS=0x0000000000010206, ERR=0x0000000000000000
  TRAPNO=0x000000000000000d

Top of Stack: (sp=0x000070000e6459d0)
0x000070000e6459d0:   000070000e645a8b 000070000e645a8b
0x000070000e6459e0:   000070000e645a40 00000001015580d2
0x000070000e6459f0:   00007ff38380c000 0000000000000000
0x000070000e645a00:   0000000000000000 0000000000000000
0x000070000e645a10:   00007ff38380c000 00007ff38380c000
0x000070000e645a20:   000070000e645a8b 000070000e645a90
0x000070000e645a30:   001a000000000000 000000000000003e
0x000070000e645a40:   000070000e645a60 00000001001a1780
0x000070000e645a50:   0000000000000001 000070000e645b08
0x000070000e645a60:   000070000e645ad0 00000001001861f3
0x000070000e645a70:   000070000e645aa0 00007ff382d13af0
0x000070000e645a80:   0000003f00000032 f000100a01645b08
0x000070000e645a90:   0000000000000000 0000000000000000
0x000070000e645aa0:   0000000000000000 000070000e645c90
0x000070000e645ab0:   00000001001a8e7a 00007ff382e21230
0x000070000e645ac0:   000070000e645b08 00000001001b4598
0x000070000e645ad0:   000070000e645ae0 00000001001862ec
0x000070000e645ae0:   000070000e645d00 000000010018f898
0x000070000e645af0:   000a9f0700000013 00000000000f0200
0x000070000e645b00:   00007ff382e1e0f0 00007ff383850310
0x000070000e645b10:   00007ff3000011b0 00007ff382d13f60
0x000070000e645b20:   00007ff30000012c 000070000e645b58
0x000070000e645b30:   00007ff382d133e0 0000000000000000
0x000070000e645b40:   000a9f070000001c 00007ff300002480
0x000070000e645b50:   000070000e645b58 f37f00003f000000
0x000070000e645b60:   08000000901dd182 726f727245676f6c
0x000070000e645b70:   616a4c2815000000 2f676e616c2f6176
0x000070000e645b80:   293b676e69727453 0000000000000056
0x000070000e645b90:   1ec382f37f000002 6e693c0600000058
0x000070000e645ba0:   28030000003e7469 0000000000005629
0x000070000e645bb0:   d182f37f00000000 69760a000000581c
0x000070000e645bc0:   657661654c746973 61704c2818000000 

Instructions: (pc=0x000000010164c594)
0x000000010164c574:   40 48 48 85 c0 75 e0 30 c0 0f b6 c0 5d c3 31 c0
0x000000010164c584:   5d c3 55 48 89 e5 53 48 83 ec 08 48 85 ff 74 24
0x000000010164c594:   48 8b 1f 48 85 db 74 1c 48 83 fb 37 74 16 48 8b
0x000000010164c5a4:   03 48 89 df ff 50 10 84 c0 b8 00 00 00 00 48 0f 

Register to memory mapping:

RAX=0x0000000000000001 is an unknown value
RBX=0x000070000e645a8b is pointing into the stack for thread: 0x00007ff38380c000
RCX=0x0000000101a1f360: UseMembar+0 in /Library/Java/JavaVirtualMachines/jdk1.8.0_101.jdk/Contents/Home/jre/lib/server/libjvm.dylib at 0x0000000101200000
RDX=0x000070000e645a8b is pointing into the stack for thread: 0x00007ff38380c000
RSP=0x000070000e6459d0 is pointing into the stack for thread: 0x00007ff38380c000
RBP=0x000070000e6459e0 is pointing into the stack for thread: 0x00007ff38380c000
RSI=0x00007ff38380c000 is a thread
RDI=0x001a000000000000 is an unknown value
R8 =0x0000000000000000 is an unknown value
R9 =0x00007ff382d10680 is an unknown value
R10=0x0000000000000001 is an unknown value
R11=0x0000000000000001 is an unknown value
R12=0x00007ff38380c000 is a thread
R13=0x001a000000000000 is an unknown value
R14=0x001a000000000000 is an unknown value
R15=0x00007ff382e02990 is an unknown value


Stack: [0x000070000e546000,0x000070000e646000],  sp=0x000070000e6459d0,  free space=1022k
Native frames: (J=compiled Java code, j=interpreted, Vv=VM code, C=native code)
V  [libjvm.dylib+0x44c594]
V  [libjvm.dylib+0x3580d2]
C  [libjdwp.dylib+0x20780]  isMethodSynthetic+0x63
C  [libjdwp.dylib+0x51f3]  methods1+0x10b
C  [libjdwp.dylib+0x52ec]  methodsWithGeneric+0xe
C  [libjdwp.dylib+0xe898]  debugLoop_run+0x1ce
C  [libjdwp.dylib+0x1f6ba]  attachThread+0x4d
V  [libjvm.dylib+0x399438]
V  [libjvm.dylib+0x5695ab]
V  [libjvm.dylib+0x56ac98]
V  [libjvm.dylib+0x48933a]
C  [libsystem_pthread.dylib+0x3aab]  _pthread_body+0xb4
C  [libsystem_pthread.dylib+0x39f7]  _pthread_body+0x0
C  [libsystem_pthread.dylib+0x31fd]  thread_start+0xd
C  0x0000000000000000


---------------  P R O C E S S  ---------------

Java Threads: ( => current thread )
  0x00007ff384879000 JavaThread "Service Thread" daemon [_thread_blocked, id=22787, stack(0x000070000ec5b000,0x000070000ed5b000)]
  0x00007ff38487e000 JavaThread "C1 CompilerThread3" daemon [_thread_blocked, id=22275, stack(0x000070000eb58000,0x000070000ec58000)]
  0x00007ff38482c800 JavaThread "C2 CompilerThread2" daemon [_thread_blocked, id=21763, stack(0x000070000ea55000,0x000070000eb55000)]
  0x00007ff384013800 JavaThread "C2 CompilerThread1" daemon [_thread_blocked, id=21251, stack(0x000070000e952000,0x000070000ea52000)]
  0x00007ff384013000 JavaThread "C2 CompilerThread0" daemon [_thread_blocked, id=20739, stack(0x000070000e84f000,0x000070000e94f000)]
  0x00007ff386000000 JavaThread "JDWP Command Reader" daemon [_thread_in_native, id=20227, stack(0x000070000e74c000,0x000070000e84c000)]
  0x00007ff38380d000 JavaThread "JDWP Event Helper Thread" daemon [_thread_blocked, id=19715, stack(0x000070000e649000,0x000070000e749000)]
=>0x00007ff38380c000 JavaThread "JDWP Transport Listener: dt_socket" daemon [_thread_in_vm, id=19203, stack(0x000070000e546000,0x000070000e646000)]
  0x00007ff383027000 JavaThread "Signal Dispatcher" daemon [_thread_blocked, id=18691, stack(0x000070000e443000,0x000070000e543000)]
  0x00007ff384853800 JavaThread "Finalizer" daemon [_thread_blocked, id=14595, stack(0x000070000e340000,0x000070000e440000)]
  0x00007ff38300f800 JavaThread "Reference Handler" daemon [_thread_blocked, id=14083, stack(0x000070000e23d000,0x000070000e33d000)]
  0x00007ff384005800 JavaThread "main" [_thread_blocked, id=7171, stack(0x000070000d81f000,0x000070000d91f000)]

Other Threads:
  0x00007ff384851000 VMThread [stack: 0x000070000e13a000,0x000070000e23a000] [id=13571]
  0x00007ff38380d800 WatcherThread [stack: 0x000070000ed5e000,0x000070000ee5e000] [id=23299]

VM state:not at safepoint (normal execution)

VM Mutex/Monitor currently owned by a thread: None

Heap:
 PSYoungGen      total 76288K, used 7864K [0x000000076ab00000, 0x0000000770000000, 0x00000007c0000000)
  eden space 65536K, 12% used [0x000000076ab00000,0x000000076b2ae208,0x000000076eb00000)
  from space 10752K, 0% used [0x000000076f580000,0x000000076f580000,0x0000000770000000)
  to   space 10752K, 0% used [0x000000076eb00000,0x000000076eb00000,0x000000076f580000)
 ParOldGen       total 175104K, used 0K [0x00000006c0000000, 0x00000006cab00000, 0x000000076ab00000)
  object space 175104K, 0% used [0x00000006c0000000,0x00000006c0000000,0x00000006cab00000)
 Metaspace       used 4521K, capacity 5468K, committed 5760K, reserved 1056768K
  class space    used 509K, capacity 562K, committed 640K, reserved 1048576K

Card table byte_map: [0x0000000111c7c000,0x000000011247d000] byte_map_base: 0x000000010e67c000

Marking Bits: (ParMarkBitMap*) 0x0000000101aedd20
 Begin Bits: [0x000000011247d000, 0x000000011647d000)
 End Bits:   [0x000000011647d000, 0x000000011a47d000)

Polling page: 0x0000000100180000

CodeCache: size=245760Kb used=1742Kb max_used=1746Kb free=244017Kb
 bounds [0x0000000102c7c000, 0x0000000102eec000, 0x0000000111c7c000]
 total_blobs=580 nmethods=334 adapters=168
 compilation: enabled

Compilation events (10 events):
Event: 3.997 Thread 0x00007ff38487e000  330       1       sun.misc.Resource::getCodeSigners (2 bytes)
Event: 3.997 Thread 0x00007ff38487e000 nmethod 330 0x0000000102e2d890 code [0x0000000102e2d9e0, 0x0000000102e2daf0]
Event: 3.997 Thread 0x00007ff38487e000  331  s!   3       java.net.URLStreamHandler::getHostAddress (54 bytes)
Event: 3.998 Thread 0x00007ff38487e000 nmethod 331 0x0000000102e2db50 code [0x0000000102e2dd00, 0x0000000102e2e3d8]
Event: 4.000 Thread 0x00007ff38482c800  332       4       java.util.concurrent.ConcurrentHashMap::setTabAt (19 bytes)
Event: 4.000 Thread 0x00007ff38482c800 nmethod 332 0x0000000102e14310 code [0x0000000102e14440, 0x0000000102e144b8]
Event: 4.003 Thread 0x00007ff38487e000  333       3       java.lang.String::indexOf (166 bytes)
Event: 4.003 Thread 0x00007ff38487e000 nmethod 333 0x0000000102e305d0 code [0x0000000102e30780, 0x0000000102e30dd0]
Event: 4.004 Thread 0x00007ff38487e000  334 %     3       java.lang.String::indexOf @ 53 (166 bytes)
Event: 4.004 Thread 0x00007ff38487e000 nmethod 334% 0x0000000102e2f850 code [0x0000000102e2fa00, 0x0000000102e30130]

GC Heap History (0 events):
No events

Deoptimization events (1 events):
Event: 4.002 Thread 0x00007ff384005800 Uncommon trap: reason=unstable_if action=reinterpret pc=0x0000000102df2f28 method=java.lang.String.indexOf([CII[CIII)I @ 134

Internal exceptions (4 events):
Event: 0.028 Thread 0x00007ff384005800 Exception <a 'java/lang/NoSuchMethodError': Method sun.misc.Unsafe.defineClass(Ljava/lang/String;[BII)Ljava/lang/Class; name or signature does not match> (0x000000076ab07cc0) thrown at [/HUDSON3/workspace/8-2-build-macosx-x86_64/jdk8u101/7261/hotspot/src/
Event: 0.028 Thread 0x00007ff384005800 Exception <a 'java/lang/NoSuchMethodError': Method sun.misc.Unsafe.prefetchRead(Ljava/lang/Object;J)V name or signature does not match> (0x000000076ab07fa8) thrown at [/HUDSON3/workspace/8-2-build-macosx-x86_64/jdk8u101/7261/hotspot/src/share/vm/prims/jni
Event: 0.234 Thread 0x00007ff384005800 Exception <a 'java/lang/NoSuchFieldError': method resolution failed> (0x000000076b051390) thrown at [/HUDSON3/workspace/8-2-build-macosx-x86_64/jdk8u101/7261/hotspot/src/share/vm/prims/methodHandles.cpp, line 1146]
Event: 0.238 Thread 0x00007ff384005800 Exception <a 'java/lang/NoSuchFieldError': method resolution failed> (0x000000076b05e760) thrown at [/HUDSON3/workspace/8-2-build-macosx-x86_64/jdk8u101/7261/hotspot/src/share/vm/prims/methodHandles.cpp, line 1146]

Events (10 events):
Event: 8.003 Executing VM operation: GetOrSetLocal
Event: 8.003 Executing VM operation: GetOrSetLocal done
Event: 8.058 Executing VM operation: GetOrSetLocal
Event: 8.058 Executing VM operation: GetOrSetLocal done
Event: 8.058 Executing VM operation: GetOrSetLocal
Event: 8.058 Executing VM operation: GetOrSetLocal done
Event: 8.877 Executing VM operation: GetOrSetLocal
Event: 8.877 Executing VM operation: GetOrSetLocal done
Event: 227.206 Executing VM operation: RedefineClasses
Event: 227.208 Executing VM operation: RedefineClasses done


Dynamic libraries:
0x000000005d767000 	/System/Library/Frameworks/Cocoa.framework/Versions/A/Cocoa
0x000000005d767000 	/System/Library/Frameworks/Security.framework/Versions/A/Security
0x000000005d767000 	/System/Library/Frameworks/ApplicationServices.framework/Versions/A/ApplicationServices
0x000000005d767000 	/usr/lib/libz.1.dylib
0x000000005d767000 	/usr/lib/libSystem.B.dylib
0x000000005d767000 	/usr/lib/libobjc.A.dylib
0x000000005d767000 	/System/Library/Frameworks/CoreFoundation.framework/Versions/A/CoreFoundation
0x000000005d767000 	/System/Library/Frameworks/Foundation.framework/Versions/C/Foundation
0x000000005d767000 	/System/Library/Frameworks/AppKit.framework/Versions/C/AppKit
0x000000005d767000 	/System/Library/Frameworks/CoreData.framework/Versions/A/CoreData
0x000000005d767000 	/System/Library/PrivateFrameworks/RemoteViewServices.framework/Versions/A/RemoteViewServices
0x000000005d767000 	/System/Library/PrivateFrameworks/UIFoundation.framework/Versions/A/UIFoundation
0x000000005d767000 	/System/Library/PrivateFrameworks/DFRFoundation.framework/Versions/A/DFRFoundation
0x000000005d767000 	/usr/lib/libenergytrace.dylib
0x000000005d767000 	/System/Library/PrivateFrameworks/SkyLight.framework/Versions/A/SkyLight
0x000000005d767000 	/System/Library/Frameworks/CoreGraphics.framework/Versions/A/CoreGraphics
0x000000005d767000 	/usr/lib/libScreenReader.dylib
0x000000005d767000 	/System/Library/Frameworks/Accelerate.framework/Versions/A/Accelerate
0x000000005d767000 	/System/Library/Frameworks/IOSurface.framework/Versions/A/IOSurface
0x000000005d767000 	/System/Library/Frameworks/AudioToolbox.framework/Versions/A/AudioToolbox
0x000000005d767000 	/System/Library/Frameworks/AudioUnit.framework/Versions/A/AudioUnit
0x000000005d767000 	/System/Library/PrivateFrameworks/DataDetectorsCore.framework/Versions/A/DataDetectorsCore
0x000000005d767000 	/System/Library/PrivateFrameworks/DesktopServicesPriv.framework/Versions/A/DesktopServicesPriv
0x000000005d767000 	/System/Library/Frameworks/Carbon.framework/Versions/A/Frameworks/HIToolbox.framework/Versions/A/HIToolbox
0x000000005d767000 	/usr/lib/libicucore.A.dylib
0x000000005d767000 	/System/Library/Frameworks/QuartzCore.framework/Versions/A/QuartzCore
0x000000005d767000 	/System/Library/Frameworks/Carbon.framework/Versions/A/Frameworks/SpeechRecognition.framework/Versions/A/SpeechRecognition
0x000000005d767000 	/usr/lib/libauto.dylib
0x000000005d767000 	/usr/lib/libxml2.2.dylib
0x000000005d767000 	/System/Library/PrivateFrameworks/CoreUI.framework/Versions/A/CoreUI
0x000000005d767000 	/System/Library/Frameworks/CoreAudio.framework/Versions/A/CoreAudio
0x000000005d767000 	/System/Library/Frameworks/DiskArbitration.framework/Versions/A/DiskArbitration
0x000000005d767000 	/usr/lib/liblangid.dylib
0x000000005d767000 	/System/Library/PrivateFrameworks/MultitouchSupport.framework/Versions/A/MultitouchSupport
0x000000005d767000 	/System/Library/Frameworks/IOKit.framework/Versions/A/IOKit
0x000000005d767000 	/usr/lib/libDiagnosticMessagesClient.dylib
0x000000005d767000 	/System/Library/Frameworks/CoreServices.framework/Versions/A/CoreServices
0x000000005d767000 	/System/Library/PrivateFrameworks/PerformanceAnalysis.framework/Versions/A/PerformanceAnalysis
0x000000005d767000 	/System/Library/PrivateFrameworks/GenerationalStorage.framework/Versions/A/GenerationalStorage
0x000000005d767000 	/System/Library/Frameworks/OpenGL.framework/Versions/A/OpenGL
0x000000005d767000 	/System/Library/Frameworks/CoreImage.framework/Versions/A/CoreImage
0x000000005d767000 	/System/Library/Frameworks/CoreText.framework/Versions/A/CoreText
0x000000005d767000 	/System/Library/Frameworks/ImageIO.framework/Versions/A/ImageIO
0x000000005d767000 	/System/Library/PrivateFrameworks/Backup.framework/Versions/A/Backup
0x000000005d767000 	/usr/lib/libarchive.2.dylib
0x000000005d767000 	/System/Library/Frameworks/CFNetwork.framework/Versions/A/CFNetwork
0x000000005d767000 	/System/Library/Frameworks/SystemConfiguration.framework/Versions/A/SystemConfiguration
0x000000005d767000 	/usr/lib/libCRFSuite.dylib
0x000000005d767000 	/usr/lib/libc++.1.dylib
0x000000005d767000 	/usr/lib/libc++abi.dylib
0x000000005d767000 	/usr/lib/system/libcache.dylib
0x000000005d767000 	/usr/lib/system/libcommonCrypto.dylib
0x000000005d767000 	/usr/lib/system/libcompiler_rt.dylib
0x000000005d767000 	/usr/lib/system/libcopyfile.dylib
0x000000005d767000 	/usr/lib/system/libcorecrypto.dylib
0x000000005d767000 	/usr/lib/system/libdispatch.dylib
0x000000005d767000 	/usr/lib/system/libdyld.dylib
0x000000005d767000 	/usr/lib/system/libkeymgr.dylib
0x000000005d767000 	/usr/lib/system/liblaunch.dylib
0x000000005d767000 	/usr/lib/system/libmacho.dylib
0x000000005d767000 	/usr/lib/system/libquarantine.dylib
0x000000005d767000 	/usr/lib/system/libremovefile.dylib
0x000000005d767000 	/usr/lib/system/libsystem_asl.dylib
0x000000005d767000 	/usr/lib/system/libsystem_blocks.dylib
0x000000005d767000 	/usr/lib/system/libsystem_c.dylib
0x000000005d767000 	/usr/lib/system/libsystem_configuration.dylib
0x000000005d767000 	/usr/lib/system/libsystem_coreservices.dylib
0x000000005d767000 	/usr/lib/system/libsystem_coretls.dylib
0x000000005d767000 	/usr/lib/system/libsystem_dnssd.dylib
0x000000005d767000 	/usr/lib/system/libsystem_info.dylib
0x000000005d767000 	/usr/lib/system/libsystem_kernel.dylib
0x000000005d767000 	/usr/lib/system/libsystem_m.dylib
0x000000005d767000 	/usr/lib/system/libsystem_malloc.dylib
0x000000005d767000 	/usr/lib/system/libsystem_network.dylib
0x000000005d767000 	/usr/lib/system/libsystem_networkextension.dylib
0x000000005d767000 	/usr/lib/system/libsystem_notify.dylib
0x000000005d767000 	/usr/lib/system/libsystem_platform.dylib
0x000000005d767000 	/usr/lib/system/libsystem_pthread.dylib
0x000000005d767000 	/usr/lib/system/libsystem_sandbox.dylib
0x000000005d767000 	/usr/lib/system/libsystem_secinit.dylib
0x000000005d767000 	/usr/lib/system/libsystem_symptoms.dylib
0x000000005d767000 	/usr/lib/system/libsystem_trace.dylib
0x000000005d767000 	/usr/lib/system/libunwind.dylib
0x000000005d767000 	/usr/lib/system/libxpc.dylib
0x000000005d767000 	/usr/lib/libbsm.0.dylib
0x000000005d767000 	/usr/lib/system/libkxld.dylib
0x000000005d767000 	/usr/lib/libcoretls.dylib
0x000000005d767000 	/usr/lib/libcoretls_cfhelpers.dylib
0x000000005d767000 	/usr/lib/libxar.1.dylib
0x000000005d767000 	/usr/lib/libsqlite3.dylib
0x000000005d767000 	/usr/lib/libpam.2.dylib
0x000000005d767000 	/usr/lib/libOpenScriptingUtil.dylib
0x000000005d767000 	/usr/lib/libbz2.1.0.dylib
0x000000005d767000 	/usr/lib/liblzma.5.dylib
0x000000005d767000 	/usr/lib/libnetwork.dylib
0x000000005d767000 	/usr/lib/libpcap.A.dylib
0x000000005d767000 	/System/Library/Frameworks/CoreServices.framework/Versions/A/Frameworks/FSEvents.framework/Versions/A/FSEvents
0x000000005d767000 	/System/Library/Frameworks/CoreServices.framework/Versions/A/Frameworks/CarbonCore.framework/Versions/A/CarbonCore
0x000000005d767000 	/System/Library/Frameworks/CoreServices.framework/Versions/A/Frameworks/Metadata.framework/Versions/A/Metadata
0x000000005d767000 	/System/Library/Frameworks/CoreServices.framework/Versions/A/Frameworks/OSServices.framework/Versions/A/OSServices
0x000000005d767000 	/System/Library/Frameworks/CoreServices.framework/Versions/A/Frameworks/SearchKit.framework/Versions/A/SearchKit
0x000000005d767000 	/System/Library/Frameworks/CoreServices.framework/Versions/A/Frameworks/AE.framework/Versions/A/AE
0x000000005d767000 	/System/Library/Frameworks/CoreServices.framework/Versions/A/Frameworks/LaunchServices.framework/Versions/A/LaunchServices
0x000000005d767000 	/System/Library/Frameworks/CoreServices.framework/Versions/A/Frameworks/DictionaryServices.framework/Versions/A/DictionaryServices
0x000000005d767000 	/System/Library/Frameworks/CoreServices.framework/Versions/A/Frameworks/SharedFileList.framework/Versions/A/SharedFileList
0x000000005d767000 	/System/Library/Frameworks/NetFS.framework/Versions/A/NetFS
0x000000005d767000 	/System/Library/PrivateFrameworks/NetAuth.framework/Versions/A/NetAuth
0x000000005d767000 	/System/Library/PrivateFrameworks/login.framework/Versions/A/Frameworks/loginsupport.framework/Versions/A/loginsupport
0x000000005d767000 	/System/Library/PrivateFrameworks/TCC.framework/Versions/A/TCC
0x000000005d767000 	/usr/lib/libmecabra.dylib
0x000000005d767000 	/System/Library/Frameworks/ApplicationServices.framework/Versions/A/Frameworks/ATS.framework/Versions/A/ATS
0x000000005d767000 	/System/Library/Frameworks/ApplicationServices.framework/Versions/A/Frameworks/ColorSync.framework/Versions/A/ColorSync
0x000000005d767000 	/System/Library/Frameworks/ApplicationServices.framework/Versions/A/Frameworks/HIServices.framework/Versions/A/HIServices
0x000000005d767000 	/System/Library/Frameworks/ApplicationServices.framework/Versions/A/Frameworks/LangAnalysis.framework/Versions/A/LangAnalysis
0x000000005d767000 	/System/Library/Frameworks/ApplicationServices.framework/Versions/A/Frameworks/PrintCore.framework/Versions/A/PrintCore
0x000000005d767000 	/System/Library/Frameworks/ApplicationServices.framework/Versions/A/Frameworks/QD.framework/Versions/A/QD
0x000000005d767000 	/System/Library/Frameworks/ApplicationServices.framework/Versions/A/Frameworks/SpeechSynthesis.framework/Versions/A/SpeechSynthesis
0x000000005d767000 	/System/Library/Frameworks/Accelerate.framework/Versions/A/Frameworks/vImage.framework/Versions/A/vImage
0x000000005d767000 	/System/Library/Frameworks/Accelerate.framework/Versions/A/Frameworks/vecLib.framework/Versions/A/vecLib
0x000000005d767000 	/System/Library/Frameworks/Accelerate.framework/Versions/A/Frameworks/vecLib.framework/Versions/A/libvDSP.dylib
0x000000005d767000 	/System/Library/Frameworks/Accelerate.framework/Versions/A/Frameworks/vecLib.framework/Versions/A/libBNNS.dylib
0x000000005d767000 	/System/Library/Frameworks/Accelerate.framework/Versions/A/Frameworks/vecLib.framework/Versions/A/libQuadrature.dylib
0x000000005d767000 	/System/Library/Frameworks/Accelerate.framework/Versions/A/Frameworks/vecLib.framework/Versions/A/libvMisc.dylib
0x000000005d767000 	/System/Library/Frameworks/Accelerate.framework/Versions/A/Frameworks/vecLib.framework/Versions/A/libLAPACK.dylib
0x000000005d767000 	/System/Library/Frameworks/Accelerate.framework/Versions/A/Frameworks/vecLib.framework/Versions/A/libBLAS.dylib
0x000000005d767000 	/System/Library/Frameworks/Accelerate.framework/Versions/A/Frameworks/vecLib.framework/Versions/A/libLinearAlgebra.dylib
0x000000005d767000 	/System/Library/Frameworks/Accelerate.framework/Versions/A/Frameworks/vecLib.framework/Versions/A/libSparseBLAS.dylib
0x000000005d767000 	/System/Library/Frameworks/ApplicationServices.framework/Versions/A/Frameworks/ATS.framework/Versions/A/Resources/libFontParser.dylib
0x000000005d767000 	/System/Library/Frameworks/ApplicationServices.framework/Versions/A/Frameworks/ATS.framework/Versions/A/Resources/libFontRegistry.dylib
0x000000005d767000 	/System/Library/Frameworks/ImageIO.framework/Versions/A/Resources/libJPEG.dylib
0x000000005d767000 	/System/Library/Frameworks/ImageIO.framework/Versions/A/Resources/libTIFF.dylib
0x000000005d767000 	/System/Library/Frameworks/ImageIO.framework/Versions/A/Resources/libPng.dylib
0x000000005d767000 	/System/Library/Frameworks/ImageIO.framework/Versions/A/Resources/libGIF.dylib
0x000000005d767000 	/System/Library/Frameworks/ImageIO.framework/Versions/A/Resources/libJP2.dylib
0x000000005d767000 	/System/Library/Frameworks/ImageIO.framework/Versions/A/Resources/libRadiance.dylib
0x000000005d767000 	/usr/lib/libcompression.dylib
0x000000005d767000 	/System/Library/PrivateFrameworks/AppleJPEG.framework/Versions/A/AppleJPEG
0x000000005d767000 	/usr/lib/libcups.2.dylib
0x000000005d767000 	/System/Library/Frameworks/Kerberos.framework/Versions/A/Kerberos
0x000000005d767000 	/System/Library/Frameworks/GSS.framework/Versions/A/GSS
0x000000005d767000 	/usr/lib/libresolv.9.dylib
0x000000005d767000 	/usr/lib/libiconv.2.dylib
0x000000005d767000 	/System/Library/PrivateFrameworks/Heimdal.framework/Versions/A/Heimdal
0x000000005d767000 	/usr/lib/libheimdal-asn1.dylib
0x000000005d767000 	/System/Library/Frameworks/OpenDirectory.framework/Versions/A/OpenDirectory
0x000000005d767000 	/System/Library/PrivateFrameworks/CommonAuth.framework/Versions/A/CommonAuth
0x000000005d767000 	/System/Library/Frameworks/OpenDirectory.framework/Versions/A/Frameworks/CFOpenDirectory.framework/Versions/A/CFOpenDirectory
0x000000005d767000 	/System/Library/Frameworks/SecurityFoundation.framework/Versions/A/SecurityFoundation
0x000000005d767000 	/System/Library/PrivateFrameworks/LanguageModeling.framework/Versions/A/LanguageModeling
0x000000005d767000 	/usr/lib/libmarisa.dylib
0x000000005d767000 	/usr/lib/libChineseTokenizer.dylib
0x000000005d767000 	/usr/lib/libcmph.dylib
0x000000005d767000 	/System/Library/PrivateFrameworks/CoreEmoji.framework/Versions/A/CoreEmoji
0x000000005d767000 	/System/Library/Frameworks/ServiceManagement.framework/Versions/A/ServiceManagement
0x000000005d767000 	/usr/lib/libxslt.1.dylib
0x000000005d767000 	/System/Library/Frameworks/Carbon.framework/Versions/A/Frameworks/Ink.framework/Versions/A/Ink
0x000000005d767000 	/System/Library/PrivateFrameworks/TextureIO.framework/Versions/A/TextureIO
0x000000005d767000 	/System/Library/Frameworks/Metal.framework/Versions/A/Metal
0x000000005d767000 	/usr/lib/libate.dylib
0x000000005d767000 	/System/Library/PrivateFrameworks/GPUCompiler.framework/libmetal_timestamp.dylib
0x000000005d767000 	/System/Library/Frameworks/OpenGL.framework/Versions/A/Libraries/libCoreFSCache.dylib
0x000000005d767000 	/System/Library/PrivateFrameworks/IOAccelerator.framework/Versions/A/IOAccelerator
0x000000005d767000 	/System/Library/Frameworks/CoreVideo.framework/Versions/A/CoreVideo
0x000000005d767000 	/usr/lib/libFosl_dynamic.dylib
0x000000005d767000 	/System/Library/PrivateFrameworks/MetalPerformanceShaders.framework/Versions/A/MetalPerformanceShaders
0x000000005d767000 	/System/Library/PrivateFrameworks/FaceCore.framework/Versions/A/FaceCore
0x000000005d767000 	/System/Library/Frameworks/OpenCL.framework/Versions/A/OpenCL
0x000000005d767000 	/System/Library/Frameworks/OpenGL.framework/Versions/A/Libraries/libGLU.dylib
0x000000005d767000 	/System/Library/Frameworks/OpenGL.framework/Versions/A/Libraries/libGFXShared.dylib
0x000000005d767000 	/System/Library/Frameworks/OpenGL.framework/Versions/A/Libraries/libGL.dylib
0x000000005d767000 	/System/Library/Frameworks/OpenGL.framework/Versions/A/Libraries/libGLImage.dylib
0x000000005d767000 	/System/Library/Frameworks/OpenGL.framework/Versions/A/Libraries/libCVMSPluginSupport.dylib
0x000000005d767000 	/System/Library/Frameworks/OpenGL.framework/Versions/A/Libraries/libCoreVMClient.dylib
0x000000005d767000 	/System/Library/PrivateFrameworks/CrashReporterSupport.framework/Versions/A/CrashReporterSupport
0x000000005d767000 	/System/Library/PrivateFrameworks/Sharing.framework/Versions/A/Sharing
0x000000005d767000 	/System/Library/PrivateFrameworks/IconServices.framework/Versions/A/IconServices
0x000000005d767000 	/System/Library/PrivateFrameworks/ProtocolBuffer.framework/Versions/A/ProtocolBuffer
0x000000005d767000 	/System/Library/PrivateFrameworks/Apple80211.framework/Versions/A/Apple80211
0x000000005d767000 	/System/Library/Frameworks/CoreWLAN.framework/Versions/A/CoreWLAN
0x000000005d767000 	/System/Library/PrivateFrameworks/CoreUtils.framework/Versions/A/CoreUtils
0x000000005d767000 	/System/Library/Frameworks/IOBluetooth.framework/Versions/A/IOBluetooth
0x000000005d767000 	/System/Library/PrivateFrameworks/CoreWiFi.framework/Versions/A/CoreWiFi
0x000000005d767000 	/System/Library/Frameworks/CoreBluetooth.framework/Versions/A/CoreBluetooth
0x000000005d767000 	/System/Library/Frameworks/CoreDisplay.framework/Versions/A/CoreDisplay
0x000000005d767000 	/System/Library/PrivateFrameworks/IOPresentment.framework/Versions/A/IOPresentment
0x000000005d767000 	/System/Library/PrivateFrameworks/DebugSymbols.framework/Versions/A/DebugSymbols
0x000000005d767000 	/System/Library/PrivateFrameworks/CoreSymbolication.framework/Versions/A/CoreSymbolication
0x000000005d767000 	/System/Library/PrivateFrameworks/Symbolication.framework/Versions/A/Symbolication
0x000000005d767000 	/System/Library/PrivateFrameworks/AppleFSCompression.framework/Versions/A/AppleFSCompression
0x000000005d767000 	/System/Library/PrivateFrameworks/SpeechRecognitionCore.framework/Versions/A/SpeechRecognitionCore
0x000000005d767000 	/System/Library/PrivateFrameworks/ChunkingLibrary.framework/Versions/A/ChunkingLibrary
0x0000000101200000 	/Library/Java/JavaVirtualMachines/jdk1.8.0_101.jdk/Contents/Home/jre/lib/server/libjvm.dylib
0x000000005d767000 	/usr/lib/libstdc++.6.dylib
0x000000010013d000 	/Library/Java/JavaVirtualMachines/jdk1.8.0_101.jdk/Contents/Home/jre/lib/libverify.dylib
0x000000010014b000 	/Library/Java/JavaVirtualMachines/jdk1.8.0_101.jdk/Contents/Home/jre/lib/libjava.dylib
0x0000000100181000 	/Library/Java/JavaVirtualMachines/jdk1.8.0_101.jdk/Contents/Home/jre/lib/libjdwp.dylib
0x00000001001cc000 	/Library/Java/JavaVirtualMachines/jdk1.8.0_101.jdk/Contents/Home/jre/lib/libnpt.dylib
0x00000001001d9000 	/Library/Java/JavaVirtualMachines/jdk1.8.0_101.jdk/Contents/Home/jre/lib/libzip.dylib
0x00000001001e3000 	/System/Library/Frameworks/JavaVM.framework/Frameworks/JavaRuntimeSupport.framework/JavaRuntimeSupport
0x0000000102bd7000 	/System/Library/Frameworks/JavaVM.framework/Versions/A/Frameworks/JavaNativeFoundation.framework/Versions/A/JavaNativeFoundation
0x000000011d2f8000 	/System/Library/Frameworks/JavaVM.framework/Versions/A/JavaVM
0x000000005d767000 	/System/Library/Frameworks/Carbon.framework/Versions/A/Carbon
0x000000011d305000 	/System/Library/PrivateFrameworks/JavaLaunching.framework/Versions/A/JavaLaunching
0x000000005d767000 	/System/Library/Frameworks/Carbon.framework/Versions/A/Frameworks/CommonPanels.framework/Versions/A/CommonPanels
0x000000005d767000 	/System/Library/Frameworks/Carbon.framework/Versions/A/Frameworks/Help.framework/Versions/A/Help
0x000000005d767000 	/System/Library/Frameworks/Carbon.framework/Versions/A/Frameworks/ImageCapture.framework/Versions/A/ImageCapture
0x000000005d767000 	/System/Library/Frameworks/Carbon.framework/Versions/A/Frameworks/OpenScripting.framework/Versions/A/OpenScripting
0x000000005d767000 	/System/Library/Frameworks/Carbon.framework/Versions/A/Frameworks/Print.framework/Versions/A/Print
0x000000005d767000 	/System/Library/Frameworks/Carbon.framework/Versions/A/Frameworks/SecurityHI.framework/Versions/A/SecurityHI
0x000000011ec0d000 	/Library/Java/JavaVirtualMachines/jdk1.8.0_101.jdk/Contents/Home/jre/lib/libdt_socket.dylib

VM Arguments:
jvm_args: -agentlib:jdwp=transport=dt_socket,suspend=y,address=localhost:57619 -ea -ea -Dfile.encoding=UTF-8 
java_command: applications.PikaCodeGenerator input/currentTest.pika
java_class_path (initial): /Users/ebarer/Documents/Google Drive/Term 6 - Fall 2016/CMPT 379/Assignments/CMPT379-Fall2016/pika/bin:/Users/ebarer/.p2/pool/plugins/org.junit_4.12.0.v201504281640/junit.jar:/Users/ebarer/.p2/pool/plugins/org.hamcrest.core_1.3.0.v201303031735.jar
Launcher Type: SUN_STANDARD

Environment Variables:
PATH=/usr/bin:/bin:/usr/sbin:/sbin
SHELL=/bin/bash
DISPLAY=/private/tmp/com.apple.launchd.yBLNQPsgKn/org.macosforge.xquartz:0

Signal Handlers:
SIGSEGV: [libjvm.dylib+0x5af145], sa_mask[0]=11111111011111110111111111111111, sa_flags=SA_ONSTACK|SA_RESTART|SA_SIGINFO
SIGBUS: [libjvm.dylib+0x5af145], sa_mask[0]=11111111011111110111111111111111, sa_flags=SA_RESTART|SA_SIGINFO
SIGFPE: [libjvm.dylib+0x48694c], sa_mask[0]=11111111011111110111111111111111, sa_flags=SA_RESTART|SA_SIGINFO
SIGPIPE: [libjvm.dylib+0x48694c], sa_mask[0]=11111111011111110111111111111111, sa_flags=SA_RESTART|SA_SIGINFO
SIGXFSZ: [libjvm.dylib+0x48694c], sa_mask[0]=11111111011111110111111111111111, sa_flags=SA_RESTART|SA_SIGINFO
SIGILL: [libjvm.dylib+0x48694c], sa_mask[0]=11111111011111110111111111111111, sa_flags=SA_RESTART|SA_SIGINFO
SIGUSR1: SIG_DFL, sa_mask[0]=00000000000000000000000000000000, sa_flags=none
SIGUSR2: [libjvm.dylib+0x48646a], sa_mask[0]=00100000000000000000000000000000, sa_flags=SA_RESTART|SA_SIGINFO
SIGHUP: [libjvm.dylib+0x484a41], sa_mask[0]=11111111011111110111111111111111, sa_flags=SA_RESTART|SA_SIGINFO
SIGINT: [libjvm.dylib+0x484a41], sa_mask[0]=11111111011111110111111111111111, sa_flags=SA_RESTART|SA_SIGINFO
SIGTERM: [libjvm.dylib+0x484a41], sa_mask[0]=11111111011111110111111111111111, sa_flags=SA_RESTART|SA_SIGINFO
SIGQUIT: [libjvm.dylib+0x484a41], sa_mask[0]=11111111011111110111111111111111, sa_flags=SA_RESTART|SA_SIGINFO


---------------  S Y S T E M  ---------------

OS:Bsduname:Darwin 16.3.0 Darwin Kernel Version 16.3.0: Wed Nov  9 19:52:37 PST 2016; root:xnu-3789.31.1~4/RELEASE_X86_64 x86_64
rlimit: STACK 8192k, CORE 0k, NPROC 709, NOFILE 10240, AS infinity
load average:1.77 1.67 1.71

CPU:total 8 (4 cores per cpu, 2 threads per core) family 6 model 58 stepping 9, cmov, cx8, fxsr, mmx, sse, sse2, sse3, ssse3, sse4.1, sse4.2, popcnt, avx, aes, clmul, erms, ht, tsc, tscinvbit, tscinv

Memory: 4k page, physical 16777216k(3049428k free)

/proc/meminfo:


vm_info: Java HotSpot(TM) 64-Bit Server VM (25.101-b13) for bsd-amd64 JRE (1.8.0_101-b13), built on Jun 22 2016 02:42:15 by "java_re" with gcc 4.2.1 (Based on Apple Inc. build 5658) (LLVM build 2336.11.00)

time: Tue Nov 29 01:52:30 2016
elapsed time: 227 seconds (0d 0h 3m 47s)

