#
# A fatal error has been detected by the Java Runtime Environment:
#
#  SIGSEGV (0xb) at pc=0x0000000106585658, pid=9047, tid=0x0000000000004b03
#
# JRE version: Java(TM) SE Runtime Environment (8.0_101-b13) (build 1.8.0_101-b13)
# Java VM: Java HotSpot(TM) 64-Bit Server VM (25.101-b13 mixed mode bsd-amd64 compressed oops)
# Problematic frame:
# V  [libjvm.dylib+0x385658]  JvmtiEnv::GetClassMethods(oopDesc*, int*, _jmethodID***)+0x122
#
# Failed to write core dump. Core dumps have been disabled. To enable core dumping, try "ulimit -c unlimited" before starting Java again
#
# If you would like to submit a bug report, please visit:
#   http://bugreport.java.com/bugreport/crash.jsp
#

---------------  T H R E A D  ---------------

Current thread (0x00007fc912001000):  JavaThread "JDWP Transport Listener: dt_socket" daemon [_thread_in_vm, id=19203, stack(0x0000700003049000,0x0000700003149000)]

siginfo: si_signo: 11 (SIGSEGV), si_code: 1 (SEGV_MAPERR), si_addr: 0x00007fca12a5ae80

Registers:
RAX=0x00007fc910e24cf8, RBX=0x00000007c006c000, RCX=0x0000000000000001, RDX=0x00007fc910f15140
RSP=0x0000700003148970, RBP=0x00007000031489f0, RSI=0x0000000000000000, RDI=0x00007fc910f14270
R8 =0x00007000031488b8, R9 =0x00007000031488b0, R10=0x00007fc910d2d2f0, R11=0x0000000000000006
R12=0x000000000000000b, R13=0x00000000203a5b80, R14=0x000000000000000d, R15=0x00007fc910d2d280
RIP=0x0000000106585658, EFLAGS=0x0000000000010202, ERR=0x0000000000000006
  TRAPNO=0x000000000000000e

Top of Stack: (sp=0x0000700003148970)
0x0000700003148970:   0000700003148980 000000000000000d
0x0000700003148980:   0000700003148a84 0000700003148a78
0x0000700003148990:   00007fc912001000 00007fc910f14050
0x00007000031489a0:   00007fc910f15050 00007fc910f15060
0x00007000031489b0:   00007fc910f15138 00000000000000d8
0x00007000031489c0:   0000700003148db0 0000700003148a78
0x00007000031489d0:   00007fc910e01ec0 00007fc912001000
0x00007000031489e0:   0000700003148a84 000000076af03620
0x00007000031489f0:   0000700003148a60 0000000106559fc3
0x0000700003148a00:   00007fc912001000 00007fc912001000
0x0000700003148a10:   0000000000000000 0000700000000000
0x0000700003148a20:   0000000000000000 00007fc912001000
0x0000700003148a30:   00007fc912001000 0000000000000001
0x0000700003148a40:   00007fc910f18a20 00007fc910d2c430
0x0000700003148a50:   0000700003148b08 0000700003148c90
0x0000700003148a60:   0000700003148ad0 00000001071a2195
0x0000700003148a70:   0000700003148aa0 0000000000000000
0x0000700003148a80:   0000000000000032 0000700003148b08
0x0000700003148a90:   0000700003148b08 00000001071d0598
0x0000700003148aa0:   0000700003148ac0 0000700003148c90
0x0000700003148ab0:   00000001071c4e7a 00007fc910d2c430
0x0000700003148ac0:   0000700003148b08 00000001071d0598
0x0000700003148ad0:   0000700003148ae0 00000001071a22ec
0x0000700003148ae0:   0000700003148d00 00000001071ab898
0x0000700003148af0:   0000e9b100000013 00000000000f0200
0x0000700003148b00:   00007fc910d22820 0000700003148b58
0x0000700003148b10:   00007fc90000012c 0000700003148b20
0x0000700003148b20:   00007fc900000000 0000700003148b58
0x0000700003148b30:   0000000000000000 0000000000000000
0x0000700003148b40:   0000e9b10000001c 00007fc900005380
0x0000700003148b50:   0000700003148b58 0000000101000000
0x0000700003148b60:   0000001000000000 7f00001900000007 

Instructions: (pc=0x0000000106585658)
0x0000000106585638:   45 31 e4 48 8b 83 80 01 00 00 48 8b 8b a0 01 00
0x0000000106585648:   00 4e 63 6c a1 04 4a 8b 7c e0 08 e8 8c ff f9 ff
0x0000000106585658:   4b 89 04 ef 49 ff c4 4d 39 e6 75 d7 48 8b 45 88
0x0000000106585668:   48 8b 55 90 89 02 48 8b 4d 98 4c 89 39 31 db 48 

Register to memory mapping:

RAX=0x00007fc910e24cf8 is an unknown value
RBX=0x00000007c006c000 is pointing into metadata
RCX=0x0000000000000001 is an unknown value
RDX=0x00007fc910f15140 is an unknown value
RSP=0x0000700003148970 is pointing into the stack for thread: 0x00007fc912001000
RBP=0x00007000031489f0 is pointing into the stack for thread: 0x00007fc912001000
RSI=0x0000000000000000 is an unknown value
RDI=0x00007fc910f14270 is an unknown value
R8 =0x00007000031488b8 is pointing into the stack for thread: 0x00007fc912001000
R9 =0x00007000031488b0 is pointing into the stack for thread: 0x00007fc912001000
R10=0x00007fc910d2d2f0 is an unknown value
R11=0x0000000000000006 is an unknown value
R12=0x000000000000000b is an unknown value
R13=0x00000000203a5b80 is an unknown value
R14=0x000000000000000d is an unknown value
R15=0x00007fc910d2d280 is an unknown value


Stack: [0x0000700003049000,0x0000700003149000],  sp=0x0000700003148970,  free space=1022k
Native frames: (J=compiled Java code, j=interpreted, Vv=VM code, C=native code)
V  [libjvm.dylib+0x385658]  JvmtiEnv::GetClassMethods(oopDesc*, int*, _jmethodID***)+0x122
V  [libjvm.dylib+0x359fc3]  jvmti_GetClassMethods+0x130
C  [libjdwp.dylib+0x5195]  methods1+0xad
C  [libjdwp.dylib+0x52ec]  methodsWithGeneric+0xe
C  [libjdwp.dylib+0xe898]  debugLoop_run+0x1ce
C  [libjdwp.dylib+0x1f6ba]  attachThread+0x4d
V  [libjvm.dylib+0x399438]  JvmtiAgentThread::call_start_function()+0x38
V  [libjvm.dylib+0x5695ab]  JavaThread::thread_main_inner()+0x9b
V  [libjvm.dylib+0x56ac98]  JavaThread::run()+0x1c2
V  [libjvm.dylib+0x48933a]  java_start(Thread*)+0xf6
C  [libsystem_pthread.dylib+0x3aab]  _pthread_body+0xb4
C  [libsystem_pthread.dylib+0x39f7]  _pthread_body+0x0
C  [libsystem_pthread.dylib+0x3221]  thread_start+0xd
C  0x0000000000000000


---------------  P R O C E S S  ---------------

Java Threads: ( => current thread )
  0x00007fc912089800 JavaThread "Service Thread" daemon [_thread_blocked, id=22787, stack(0x000070000375e000,0x000070000385e000)]
  0x00007fc912046800 JavaThread "C1 CompilerThread3" daemon [_thread_blocked, id=22275, stack(0x000070000365b000,0x000070000375b000)]
  0x00007fc91203e000 JavaThread "C2 CompilerThread2" daemon [_thread_blocked, id=21763, stack(0x0000700003558000,0x0000700003658000)]
  0x00007fc912058800 JavaThread "C2 CompilerThread1" daemon [_thread_blocked, id=21251, stack(0x0000700003455000,0x0000700003555000)]
  0x00007fc912831800 JavaThread "C2 CompilerThread0" daemon [_thread_blocked, id=20739, stack(0x0000700003352000,0x0000700003452000)]
  0x00007fc912056800 JavaThread "JDWP Command Reader" daemon [_thread_in_native, id=20227, stack(0x000070000324f000,0x000070000334f000)]
  0x00007fc912056000 JavaThread "JDWP Event Helper Thread" daemon [_thread_blocked, id=19715, stack(0x000070000314c000,0x000070000324c000)]
=>0x00007fc912001000 JavaThread "JDWP Transport Listener: dt_socket" daemon [_thread_in_vm, id=19203, stack(0x0000700003049000,0x0000700003149000)]
  0x00007fc911808800 JavaThread "Signal Dispatcher" daemon [_thread_blocked, id=18691, stack(0x0000700002f46000,0x0000700003046000)]
  0x00007fc912034800 JavaThread "Finalizer" daemon [_thread_blocked, id=14595, stack(0x0000700002e43000,0x0000700002f43000)]
  0x00007fc91100c800 JavaThread "Reference Handler" daemon [_thread_blocked, id=14083, stack(0x0000700002d40000,0x0000700002e40000)]
  0x00007fc912002800 JavaThread "main" [_thread_blocked, id=7171, stack(0x0000700002322000,0x0000700002422000)]

Other Threads:
  0x00007fc912830000 VMThread [stack: 0x0000700002c3d000,0x0000700002d3d000] [id=13571]
  0x00007fc912831000 WatcherThread [stack: 0x0000700003861000,0x0000700003961000] [id=23299]

VM state:not at safepoint (normal execution)

VM Mutex/Monitor currently owned by a thread: None

Heap:
 PSYoungGen      total 76288K, used 6553K [0x000000076ab00000, 0x0000000770000000, 0x00000007c0000000)
  eden space 65536K, 10% used [0x000000076ab00000,0x000000076b1666a0,0x000000076eb00000)
  from space 10752K, 0% used [0x000000076f580000,0x000000076f580000,0x0000000770000000)
  to   space 10752K, 0% used [0x000000076eb00000,0x000000076eb00000,0x000000076f580000)
 ParOldGen       total 175104K, used 0K [0x00000006c0000000, 0x00000006cab00000, 0x000000076ab00000)
  object space 175104K, 0% used [0x00000006c0000000,0x00000006c0000000,0x00000006cab00000)
 Metaspace       used 4142K, capacity 5106K, committed 5248K, reserved 1056768K
  class space    used 466K, capacity 527K, committed 640K, reserved 1048576K

Card table byte_map: [0x00000001075a8000,0x0000000107da9000] byte_map_base: 0x0000000103fa8000

Marking Bits: (ParMarkBitMap*) 0x0000000106aedd20
 Begin Bits: [0x0000000117f68000, 0x000000011bf68000)
 End Bits:   [0x000000011bf68000, 0x000000011ff68000)

Polling page: 0x00000001051c0000

CodeCache: size=245760Kb used=1603Kb max_used=1604Kb free=244156Kb
 bounds [0x0000000108f68000, 0x00000001091d8000, 0x0000000117f68000]
 total_blobs=521 nmethods=272 adapters=171
 compilation: enabled

Compilation events (10 events):
Event: 0.245 Thread 0x00007fc912831800 nmethod 253 0x00000001090f6490 code [0x00000001090f6600, 0x00000001090f6b38]
Event: 0.245 Thread 0x00007fc912046800 nmethod 268 0x00000001090f6010 code [0x00000001090f6180, 0x00000001090f63d0]
Event: 0.245 Thread 0x00007fc912046800  270       3       jdk.internal.org.objectweb.asm.ByteVector::putByteArray (49 bytes)
Event: 0.245 Thread 0x00007fc912046800 nmethod 270 0x00000001090f5a50 code [0x00000001090f5be0, 0x00000001090f5f18]
Event: 0.245 Thread 0x00007fc912046800  269       3       sun.reflect.misc.ReflectUtil::isVMAnonymousClass (19 bytes)
Event: 0.245 Thread 0x00007fc912046800 nmethod 269 0x00000001090f7890 code [0x00000001090f7a40, 0x00000001090f7f98]
Event: 0.246 Thread 0x00007fc912046800  271       3       java.lang.invoke.MethodType$ConcurrentWeakInternSet::get (54 bytes)
Event: 0.246 Thread 0x00007fc912046800 nmethod 271 0x00000001090f8f10 code [0x00000001090f9140, 0x00000001090f9e38]
Event: 0.246 Thread 0x00007fc912046800  272       3       jdk.internal.org.objectweb.asm.ByteVector::putInt (74 bytes)
Event: 0.246 Thread 0x00007fc912046800 nmethod 272 0x00000001090f8950 code [0x00000001090f8ac0, 0x00000001090f8d68]

GC Heap History (0 events):
No events

Deoptimization events (0 events):
No events

Internal exceptions (4 events):
Event: 0.027 Thread 0x00007fc912002800 Exception <a 'java/lang/NoSuchMethodError': Method sun.misc.Unsafe.defineClass(Ljava/lang/String;[BII)Ljava/lang/Class; name or signature does not match> (0x000000076ab07cc0) thrown at [/HUDSON3/workspace/8-2-build-macosx-x86_64/jdk8u101/7261/hotspot/src/
Event: 0.028 Thread 0x00007fc912002800 Exception <a 'java/lang/NoSuchMethodError': Method sun.misc.Unsafe.prefetchRead(Ljava/lang/Object;J)V name or signature does not match> (0x000000076ab07fa8) thrown at [/HUDSON3/workspace/8-2-build-macosx-x86_64/jdk8u101/7261/hotspot/src/share/vm/prims/jni
Event: 0.224 Thread 0x00007fc912002800 Exception <a 'java/lang/NoSuchFieldError': method resolution failed> (0x000000076afe81b0) thrown at [/HUDSON3/workspace/8-2-build-macosx-x86_64/jdk8u101/7261/hotspot/src/share/vm/prims/methodHandles.cpp, line 1146]
Event: 0.227 Thread 0x00007fc912002800 Exception <a 'java/lang/NoSuchFieldError': method resolution failed> (0x000000076aff5950) thrown at [/HUDSON3/workspace/8-2-build-macosx-x86_64/jdk8u101/7261/hotspot/src/share/vm/prims/methodHandles.cpp, line 1146]

Events (10 events):
Event: 199.809 Executing VM operation: GetCurrentLocation
Event: 199.810 Executing VM operation: GetCurrentLocation done
Event: 199.810 Executing VM operation: EnterInterpOnlyMode
Event: 199.810 Executing VM operation: EnterInterpOnlyMode done
Event: 199.810 Executing VM operation: ChangeSingleStep
Event: 199.810 Executing VM operation: ChangeSingleStep done
Event: 199.810 Executing VM operation: ChangeSingleStep
Event: 199.810 Executing VM operation: ChangeSingleStep done
Event: 199.813 Executing VM operation: RedefineClasses
Event: 199.814 Executing VM operation: RedefineClasses done


Dynamic libraries:
0x0000000036e0a000 	/System/Library/Frameworks/Cocoa.framework/Versions/A/Cocoa
0x0000000036e0a000 	/System/Library/Frameworks/Security.framework/Versions/A/Security
0x0000000036e0a000 	/System/Library/Frameworks/ApplicationServices.framework/Versions/A/ApplicationServices
0x0000000036e0a000 	/usr/lib/libz.1.dylib
0x0000000036e0a000 	/usr/lib/libSystem.B.dylib
0x0000000036e0a000 	/usr/lib/libobjc.A.dylib
0x0000000036e0a000 	/System/Library/Frameworks/CoreFoundation.framework/Versions/A/CoreFoundation
0x0000000036e0a000 	/System/Library/Frameworks/Foundation.framework/Versions/C/Foundation
0x0000000036e0a000 	/System/Library/Frameworks/AppKit.framework/Versions/C/AppKit
0x0000000036e0a000 	/System/Library/Frameworks/CoreData.framework/Versions/A/CoreData
0x0000000036e0a000 	/System/Library/PrivateFrameworks/RemoteViewServices.framework/Versions/A/RemoteViewServices
0x0000000036e0a000 	/System/Library/PrivateFrameworks/UIFoundation.framework/Versions/A/UIFoundation
0x0000000036e0a000 	/usr/lib/libenergytrace.dylib
0x0000000036e0a000 	/System/Library/PrivateFrameworks/SkyLight.framework/Versions/A/SkyLight
0x0000000036e0a000 	/System/Library/Frameworks/CoreGraphics.framework/Versions/A/CoreGraphics
0x0000000036e0a000 	/usr/lib/libScreenReader.dylib
0x0000000036e0a000 	/System/Library/Frameworks/Accelerate.framework/Versions/A/Accelerate
0x0000000036e0a000 	/System/Library/Frameworks/IOSurface.framework/Versions/A/IOSurface
0x0000000036e0a000 	/System/Library/Frameworks/AudioToolbox.framework/Versions/A/AudioToolbox
0x0000000036e0a000 	/System/Library/Frameworks/AudioUnit.framework/Versions/A/AudioUnit
0x0000000036e0a000 	/System/Library/PrivateFrameworks/DataDetectorsCore.framework/Versions/A/DataDetectorsCore
0x0000000036e0a000 	/System/Library/PrivateFrameworks/DesktopServicesPriv.framework/Versions/A/DesktopServicesPriv
0x0000000036e0a000 	/System/Library/Frameworks/Carbon.framework/Versions/A/Frameworks/HIToolbox.framework/Versions/A/HIToolbox
0x0000000036e0a000 	/usr/lib/libicucore.A.dylib
0x0000000036e0a000 	/System/Library/Frameworks/QuartzCore.framework/Versions/A/QuartzCore
0x0000000036e0a000 	/System/Library/Frameworks/Carbon.framework/Versions/A/Frameworks/SpeechRecognition.framework/Versions/A/SpeechRecognition
0x0000000036e0a000 	/usr/lib/libauto.dylib
0x0000000036e0a000 	/usr/lib/libxml2.2.dylib
0x0000000036e0a000 	/System/Library/PrivateFrameworks/CoreUI.framework/Versions/A/CoreUI
0x0000000036e0a000 	/System/Library/Frameworks/CoreAudio.framework/Versions/A/CoreAudio
0x0000000036e0a000 	/System/Library/Frameworks/DiskArbitration.framework/Versions/A/DiskArbitration
0x0000000036e0a000 	/usr/lib/liblangid.dylib
0x0000000036e0a000 	/System/Library/PrivateFrameworks/MultitouchSupport.framework/Versions/A/MultitouchSupport
0x0000000036e0a000 	/System/Library/Frameworks/IOKit.framework/Versions/A/IOKit
0x0000000036e0a000 	/usr/lib/libDiagnosticMessagesClient.dylib
0x0000000036e0a000 	/System/Library/Frameworks/CoreServices.framework/Versions/A/CoreServices
0x0000000036e0a000 	/System/Library/PrivateFrameworks/PerformanceAnalysis.framework/Versions/A/PerformanceAnalysis
0x0000000036e0a000 	/System/Library/PrivateFrameworks/GenerationalStorage.framework/Versions/A/GenerationalStorage
0x0000000036e0a000 	/System/Library/Frameworks/OpenGL.framework/Versions/A/OpenGL
0x0000000036e0a000 	/System/Library/Frameworks/CoreImage.framework/Versions/A/CoreImage
0x0000000036e0a000 	/System/Library/Frameworks/CoreText.framework/Versions/A/CoreText
0x0000000036e0a000 	/System/Library/Frameworks/ImageIO.framework/Versions/A/ImageIO
0x0000000036e0a000 	/System/Library/PrivateFrameworks/Backup.framework/Versions/A/Backup
0x0000000036e0a000 	/usr/lib/libarchive.2.dylib
0x0000000036e0a000 	/System/Library/Frameworks/CFNetwork.framework/Versions/A/CFNetwork
0x0000000036e0a000 	/System/Library/Frameworks/SystemConfiguration.framework/Versions/A/SystemConfiguration
0x0000000036e0a000 	/usr/lib/libCRFSuite.dylib
0x0000000036e0a000 	/usr/lib/libc++.1.dylib
0x0000000036e0a000 	/usr/lib/libc++abi.dylib
0x0000000036e0a000 	/usr/lib/system/libcache.dylib
0x0000000036e0a000 	/usr/lib/system/libcommonCrypto.dylib
0x0000000036e0a000 	/usr/lib/system/libcompiler_rt.dylib
0x0000000036e0a000 	/usr/lib/system/libcopyfile.dylib
0x0000000036e0a000 	/usr/lib/system/libcorecrypto.dylib
0x0000000036e0a000 	/usr/lib/system/libdispatch.dylib
0x0000000036e0a000 	/usr/lib/system/libdyld.dylib
0x0000000036e0a000 	/usr/lib/system/libkeymgr.dylib
0x0000000036e0a000 	/usr/lib/system/liblaunch.dylib
0x0000000036e0a000 	/usr/lib/system/libmacho.dylib
0x0000000036e0a000 	/usr/lib/system/libquarantine.dylib
0x0000000036e0a000 	/usr/lib/system/libremovefile.dylib
0x0000000036e0a000 	/usr/lib/system/libsystem_asl.dylib
0x0000000036e0a000 	/usr/lib/system/libsystem_blocks.dylib
0x0000000036e0a000 	/usr/lib/system/libsystem_c.dylib
0x0000000036e0a000 	/usr/lib/system/libsystem_configuration.dylib
0x0000000036e0a000 	/usr/lib/system/libsystem_coreservices.dylib
0x0000000036e0a000 	/usr/lib/system/libsystem_coretls.dylib
0x0000000036e0a000 	/usr/lib/system/libsystem_dnssd.dylib
0x0000000036e0a000 	/usr/lib/system/libsystem_info.dylib
0x0000000036e0a000 	/usr/lib/system/libsystem_kernel.dylib
0x0000000036e0a000 	/usr/lib/system/libsystem_m.dylib
0x0000000036e0a000 	/usr/lib/system/libsystem_malloc.dylib
0x0000000036e0a000 	/usr/lib/system/libsystem_network.dylib
0x0000000036e0a000 	/usr/lib/system/libsystem_networkextension.dylib
0x0000000036e0a000 	/usr/lib/system/libsystem_notify.dylib
0x0000000036e0a000 	/usr/lib/system/libsystem_platform.dylib
0x0000000036e0a000 	/usr/lib/system/libsystem_pthread.dylib
0x0000000036e0a000 	/usr/lib/system/libsystem_sandbox.dylib
0x0000000036e0a000 	/usr/lib/system/libsystem_secinit.dylib
0x0000000036e0a000 	/usr/lib/system/libsystem_symptoms.dylib
0x0000000036e0a000 	/usr/lib/system/libsystem_trace.dylib
0x0000000036e0a000 	/usr/lib/system/libunwind.dylib
0x0000000036e0a000 	/usr/lib/system/libxpc.dylib
0x0000000036e0a000 	/usr/lib/libbsm.0.dylib
0x0000000036e0a000 	/usr/lib/system/libkxld.dylib
0x0000000036e0a000 	/usr/lib/libcoretls.dylib
0x0000000036e0a000 	/usr/lib/libcoretls_cfhelpers.dylib
0x0000000036e0a000 	/usr/lib/libxar.1.dylib
0x0000000036e0a000 	/usr/lib/libsqlite3.dylib
0x0000000036e0a000 	/usr/lib/libpam.2.dylib
0x0000000036e0a000 	/usr/lib/libOpenScriptingUtil.dylib
0x0000000036e0a000 	/usr/lib/libbz2.1.0.dylib
0x0000000036e0a000 	/usr/lib/liblzma.5.dylib
0x0000000036e0a000 	/usr/lib/libnetwork.dylib
0x0000000036e0a000 	/usr/lib/libpcap.A.dylib
0x0000000036e0a000 	/System/Library/Frameworks/CoreServices.framework/Versions/A/Frameworks/FSEvents.framework/Versions/A/FSEvents
0x0000000036e0a000 	/System/Library/Frameworks/CoreServices.framework/Versions/A/Frameworks/CarbonCore.framework/Versions/A/CarbonCore
0x0000000036e0a000 	/System/Library/Frameworks/CoreServices.framework/Versions/A/Frameworks/Metadata.framework/Versions/A/Metadata
0x0000000036e0a000 	/System/Library/Frameworks/CoreServices.framework/Versions/A/Frameworks/OSServices.framework/Versions/A/OSServices
0x0000000036e0a000 	/System/Library/Frameworks/CoreServices.framework/Versions/A/Frameworks/SearchKit.framework/Versions/A/SearchKit
0x0000000036e0a000 	/System/Library/Frameworks/CoreServices.framework/Versions/A/Frameworks/AE.framework/Versions/A/AE
0x0000000036e0a000 	/System/Library/Frameworks/CoreServices.framework/Versions/A/Frameworks/LaunchServices.framework/Versions/A/LaunchServices
0x0000000036e0a000 	/System/Library/Frameworks/CoreServices.framework/Versions/A/Frameworks/DictionaryServices.framework/Versions/A/DictionaryServices
0x0000000036e0a000 	/System/Library/Frameworks/CoreServices.framework/Versions/A/Frameworks/SharedFileList.framework/Versions/A/SharedFileList
0x0000000036e0a000 	/System/Library/Frameworks/NetFS.framework/Versions/A/NetFS
0x0000000036e0a000 	/System/Library/PrivateFrameworks/NetAuth.framework/Versions/A/NetAuth
0x0000000036e0a000 	/System/Library/PrivateFrameworks/login.framework/Versions/A/Frameworks/loginsupport.framework/Versions/A/loginsupport
0x0000000036e0a000 	/System/Library/PrivateFrameworks/TCC.framework/Versions/A/TCC
0x0000000036e0a000 	/usr/lib/libmecabra.dylib
0x0000000036e0a000 	/System/Library/Frameworks/ApplicationServices.framework/Versions/A/Frameworks/ATS.framework/Versions/A/ATS
0x0000000036e0a000 	/System/Library/Frameworks/ApplicationServices.framework/Versions/A/Frameworks/ColorSync.framework/Versions/A/ColorSync
0x0000000036e0a000 	/System/Library/Frameworks/ApplicationServices.framework/Versions/A/Frameworks/HIServices.framework/Versions/A/HIServices
0x0000000036e0a000 	/System/Library/Frameworks/ApplicationServices.framework/Versions/A/Frameworks/LangAnalysis.framework/Versions/A/LangAnalysis
0x0000000036e0a000 	/System/Library/Frameworks/ApplicationServices.framework/Versions/A/Frameworks/PrintCore.framework/Versions/A/PrintCore
0x0000000036e0a000 	/System/Library/Frameworks/ApplicationServices.framework/Versions/A/Frameworks/QD.framework/Versions/A/QD
0x0000000036e0a000 	/System/Library/Frameworks/ApplicationServices.framework/Versions/A/Frameworks/SpeechSynthesis.framework/Versions/A/SpeechSynthesis
0x0000000036e0a000 	/System/Library/Frameworks/Accelerate.framework/Versions/A/Frameworks/vImage.framework/Versions/A/vImage
0x0000000036e0a000 	/System/Library/Frameworks/Accelerate.framework/Versions/A/Frameworks/vecLib.framework/Versions/A/vecLib
0x0000000036e0a000 	/System/Library/Frameworks/Accelerate.framework/Versions/A/Frameworks/vecLib.framework/Versions/A/libvDSP.dylib
0x0000000036e0a000 	/System/Library/Frameworks/Accelerate.framework/Versions/A/Frameworks/vecLib.framework/Versions/A/libBNNS.dylib
0x0000000036e0a000 	/System/Library/Frameworks/Accelerate.framework/Versions/A/Frameworks/vecLib.framework/Versions/A/libQuadrature.dylib
0x0000000036e0a000 	/System/Library/Frameworks/Accelerate.framework/Versions/A/Frameworks/vecLib.framework/Versions/A/libvMisc.dylib
0x0000000036e0a000 	/System/Library/Frameworks/Accelerate.framework/Versions/A/Frameworks/vecLib.framework/Versions/A/libLAPACK.dylib
0x0000000036e0a000 	/System/Library/Frameworks/Accelerate.framework/Versions/A/Frameworks/vecLib.framework/Versions/A/libBLAS.dylib
0x0000000036e0a000 	/System/Library/Frameworks/Accelerate.framework/Versions/A/Frameworks/vecLib.framework/Versions/A/libLinearAlgebra.dylib
0x0000000036e0a000 	/System/Library/Frameworks/Accelerate.framework/Versions/A/Frameworks/vecLib.framework/Versions/A/libSparseBLAS.dylib
0x0000000036e0a000 	/System/Library/Frameworks/ApplicationServices.framework/Versions/A/Frameworks/ATS.framework/Versions/A/Resources/libFontParser.dylib
0x0000000036e0a000 	/System/Library/Frameworks/ApplicationServices.framework/Versions/A/Frameworks/ATS.framework/Versions/A/Resources/libFontRegistry.dylib
0x0000000036e0a000 	/System/Library/Frameworks/ImageIO.framework/Versions/A/Resources/libJPEG.dylib
0x0000000036e0a000 	/System/Library/Frameworks/ImageIO.framework/Versions/A/Resources/libTIFF.dylib
0x0000000036e0a000 	/System/Library/Frameworks/ImageIO.framework/Versions/A/Resources/libPng.dylib
0x0000000036e0a000 	/System/Library/Frameworks/ImageIO.framework/Versions/A/Resources/libGIF.dylib
0x0000000036e0a000 	/System/Library/Frameworks/ImageIO.framework/Versions/A/Resources/libJP2.dylib
0x0000000036e0a000 	/System/Library/Frameworks/ImageIO.framework/Versions/A/Resources/libRadiance.dylib
0x0000000036e0a000 	/usr/lib/libcompression.dylib
0x0000000036e0a000 	/System/Library/PrivateFrameworks/AppleJPEG.framework/Versions/A/AppleJPEG
0x0000000036e0a000 	/usr/lib/libcups.2.dylib
0x0000000036e0a000 	/System/Library/Frameworks/Kerberos.framework/Versions/A/Kerberos
0x0000000036e0a000 	/System/Library/Frameworks/GSS.framework/Versions/A/GSS
0x0000000036e0a000 	/usr/lib/libresolv.9.dylib
0x0000000036e0a000 	/usr/lib/libiconv.2.dylib
0x0000000036e0a000 	/System/Library/PrivateFrameworks/Heimdal.framework/Versions/A/Heimdal
0x0000000036e0a000 	/usr/lib/libheimdal-asn1.dylib
0x0000000036e0a000 	/System/Library/Frameworks/OpenDirectory.framework/Versions/A/OpenDirectory
0x0000000036e0a000 	/System/Library/PrivateFrameworks/CommonAuth.framework/Versions/A/CommonAuth
0x0000000036e0a000 	/System/Library/Frameworks/OpenDirectory.framework/Versions/A/Frameworks/CFOpenDirectory.framework/Versions/A/CFOpenDirectory
0x0000000036e0a000 	/System/Library/Frameworks/SecurityFoundation.framework/Versions/A/SecurityFoundation
0x0000000036e0a000 	/System/Library/PrivateFrameworks/LanguageModeling.framework/Versions/A/LanguageModeling
0x0000000036e0a000 	/usr/lib/libmarisa.dylib
0x0000000036e0a000 	/usr/lib/libChineseTokenizer.dylib
0x0000000036e0a000 	/usr/lib/libcmph.dylib
0x0000000036e0a000 	/System/Library/PrivateFrameworks/CoreEmoji.framework/Versions/A/CoreEmoji
0x0000000036e0a000 	/System/Library/Frameworks/ServiceManagement.framework/Versions/A/ServiceManagement
0x0000000036e0a000 	/usr/lib/libxslt.1.dylib
0x0000000036e0a000 	/System/Library/Frameworks/Carbon.framework/Versions/A/Frameworks/Ink.framework/Versions/A/Ink
0x0000000036e0a000 	/System/Library/PrivateFrameworks/TextureIO.framework/Versions/A/TextureIO
0x0000000036e0a000 	/System/Library/Frameworks/Metal.framework/Versions/A/Metal
0x0000000036e0a000 	/usr/lib/libate.dylib
0x0000000036e0a000 	/System/Library/PrivateFrameworks/GPUCompiler.framework/libmetal_timestamp.dylib
0x0000000036e0a000 	/System/Library/Frameworks/OpenGL.framework/Versions/A/Libraries/libCoreFSCache.dylib
0x0000000036e0a000 	/System/Library/PrivateFrameworks/IOAccelerator.framework/Versions/A/IOAccelerator
0x0000000036e0a000 	/System/Library/Frameworks/CoreVideo.framework/Versions/A/CoreVideo
0x0000000036e0a000 	/usr/lib/libFosl_dynamic.dylib
0x0000000036e0a000 	/System/Library/PrivateFrameworks/MetalPerformanceShaders.framework/Versions/A/MetalPerformanceShaders
0x0000000036e0a000 	/System/Library/PrivateFrameworks/FaceCore.framework/Versions/A/FaceCore
0x0000000036e0a000 	/System/Library/Frameworks/OpenCL.framework/Versions/A/OpenCL
0x0000000036e0a000 	/System/Library/Frameworks/OpenGL.framework/Versions/A/Libraries/libGLU.dylib
0x0000000036e0a000 	/System/Library/Frameworks/OpenGL.framework/Versions/A/Libraries/libGFXShared.dylib
0x0000000036e0a000 	/System/Library/Frameworks/OpenGL.framework/Versions/A/Libraries/libGL.dylib
0x0000000036e0a000 	/System/Library/Frameworks/OpenGL.framework/Versions/A/Libraries/libGLImage.dylib
0x0000000036e0a000 	/System/Library/Frameworks/OpenGL.framework/Versions/A/Libraries/libCVMSPluginSupport.dylib
0x0000000036e0a000 	/System/Library/Frameworks/OpenGL.framework/Versions/A/Libraries/libCoreVMClient.dylib
0x0000000036e0a000 	/System/Library/PrivateFrameworks/CrashReporterSupport.framework/Versions/A/CrashReporterSupport
0x0000000036e0a000 	/System/Library/PrivateFrameworks/Sharing.framework/Versions/A/Sharing
0x0000000036e0a000 	/System/Library/PrivateFrameworks/IconServices.framework/Versions/A/IconServices
0x0000000036e0a000 	/System/Library/PrivateFrameworks/ProtocolBuffer.framework/Versions/A/ProtocolBuffer
0x0000000036e0a000 	/System/Library/PrivateFrameworks/Apple80211.framework/Versions/A/Apple80211
0x0000000036e0a000 	/System/Library/Frameworks/CoreWLAN.framework/Versions/A/CoreWLAN
0x0000000036e0a000 	/System/Library/PrivateFrameworks/CoreUtils.framework/Versions/A/CoreUtils
0x0000000036e0a000 	/System/Library/Frameworks/IOBluetooth.framework/Versions/A/IOBluetooth
0x0000000036e0a000 	/System/Library/PrivateFrameworks/CoreWiFi.framework/Versions/A/CoreWiFi
0x0000000036e0a000 	/System/Library/Frameworks/CoreBluetooth.framework/Versions/A/CoreBluetooth
0x0000000036e0a000 	/System/Library/Frameworks/CoreDisplay.framework/Versions/A/CoreDisplay
0x0000000036e0a000 	/System/Library/PrivateFrameworks/IOPresentment.framework/Versions/A/IOPresentment
0x0000000036e0a000 	/System/Library/PrivateFrameworks/DebugSymbols.framework/Versions/A/DebugSymbols
0x0000000036e0a000 	/System/Library/PrivateFrameworks/CoreSymbolication.framework/Versions/A/CoreSymbolication
0x0000000036e0a000 	/System/Library/PrivateFrameworks/Symbolication.framework/Versions/A/Symbolication
0x0000000036e0a000 	/System/Library/PrivateFrameworks/AppleFSCompression.framework/Versions/A/AppleFSCompression
0x0000000036e0a000 	/System/Library/PrivateFrameworks/SpeechRecognitionCore.framework/Versions/A/SpeechRecognitionCore
0x0000000036e0a000 	/System/Library/PrivateFrameworks/ChunkingLibrary.framework/Versions/A/ChunkingLibrary
0x0000000106200000 	/Library/Java/JavaVirtualMachines/jdk1.8.0_101.jdk/Contents/Home/jre/lib/server/libjvm.dylib
0x0000000036e0a000 	/usr/lib/libstdc++.6.dylib
0x000000010517d000 	/Library/Java/JavaVirtualMachines/jdk1.8.0_101.jdk/Contents/Home/jre/lib/libverify.dylib
0x000000010518b000 	/Library/Java/JavaVirtualMachines/jdk1.8.0_101.jdk/Contents/Home/jre/lib/libjava.dylib
0x000000010719d000 	/Library/Java/JavaVirtualMachines/jdk1.8.0_101.jdk/Contents/Home/jre/lib/libjdwp.dylib
0x00000001051c1000 	/Library/Java/JavaVirtualMachines/jdk1.8.0_101.jdk/Contents/Home/jre/lib/libnpt.dylib
0x00000001051ce000 	/Library/Java/JavaVirtualMachines/jdk1.8.0_101.jdk/Contents/Home/jre/lib/libzip.dylib
0x0000000122308000 	/System/Library/Frameworks/JavaVM.framework/Frameworks/JavaRuntimeSupport.framework/JavaRuntimeSupport
0x0000000122322000 	/System/Library/Frameworks/JavaVM.framework/Versions/A/Frameworks/JavaNativeFoundation.framework/Versions/A/JavaNativeFoundation
0x0000000122337000 	/System/Library/Frameworks/JavaVM.framework/Versions/A/JavaVM
0x0000000036e0a000 	/System/Library/Frameworks/Carbon.framework/Versions/A/Carbon
0x0000000122344000 	/System/Library/PrivateFrameworks/JavaLaunching.framework/Versions/A/JavaLaunching
0x0000000036e0a000 	/System/Library/Frameworks/Carbon.framework/Versions/A/Frameworks/CommonPanels.framework/Versions/A/CommonPanels
0x0000000036e0a000 	/System/Library/Frameworks/Carbon.framework/Versions/A/Frameworks/Help.framework/Versions/A/Help
0x0000000036e0a000 	/System/Library/Frameworks/Carbon.framework/Versions/A/Frameworks/ImageCapture.framework/Versions/A/ImageCapture
0x0000000036e0a000 	/System/Library/Frameworks/Carbon.framework/Versions/A/Frameworks/OpenScripting.framework/Versions/A/OpenScripting
0x0000000036e0a000 	/System/Library/Frameworks/Carbon.framework/Versions/A/Frameworks/Print.framework/Versions/A/Print
0x0000000036e0a000 	/System/Library/Frameworks/Carbon.framework/Versions/A/Frameworks/SecurityHI.framework/Versions/A/SecurityHI
0x0000000123c4a000 	/Library/Java/JavaVirtualMachines/jdk1.8.0_101.jdk/Contents/Home/jre/lib/libdt_socket.dylib

VM Arguments:
jvm_args: -agentlib:jdwp=transport=dt_socket,suspend=y,address=localhost:64141 -ea -ea -Dfile.encoding=UTF-8 
java_command: applications.PikaSemanticChecker input/currentTest.pika
java_class_path (initial): /Users/ebarer/Documents/Google Drive/Term 6 - Fall 2016/CMPT 379/Assignments/CMPT379-Fall2016/pika/bin:/Users/ebarer/.p2/pool/plugins/org.junit_4.12.0.v201504281640/junit.jar:/Users/ebarer/.p2/pool/plugins/org.hamcrest.core_1.3.0.v201303031735.jar
Launcher Type: SUN_STANDARD

Environment Variables:
PATH=/usr/bin:/bin:/usr/sbin:/sbin
SHELL=/bin/bash
DISPLAY=/private/tmp/com.apple.launchd.W2WmJayMXy/org.macosforge.xquartz:0

Signal Handlers:
SIGSEGV: [libjvm.dylib+0x5af145], sa_mask[0]=11111111011111110111111111111111, sa_flags=SA_ONSTACK|SA_RESTART|SA_SIGINFO
SIGBUS: [libjvm.dylib+0x5af145], sa_mask[0]=11111111011111110111111111111111, sa_flags=SA_RESTART|SA_SIGINFO
SIGFPE: [libjvm.dylib+0x48694c], sa_mask[0]=11111111011111110111111111111111, sa_flags=SA_RESTART|SA_SIGINFO
SIGPIPE: [libjvm.dylib+0x48694c], sa_mask[0]=11111111011111110111111111111111, sa_flags=SA_RESTART|SA_SIGINFO
SIGXFSZ: [libjvm.dylib+0x48694c], sa_mask[0]=11111111011111110111111111111111, sa_flags=SA_RESTART|SA_SIGINFO
SIGILL: [libjvm.dylib+0x48694c], sa_mask[0]=11111111011111110111111111111111, sa_flags=SA_RESTART|SA_SIGINFO
SIGUSR1: SIG_DFL, sa_mask[0]=00000000000000000000000000000000, sa_flags=none
SIGUSR2: [libjvm.dylib+0x48646a], sa_mask[0]=00100000000000000000000000000000, sa_flags=SA_RESTART|SA_SIGINFO
SIGHUP: [libjvm.dylib+0x484a41], sa_mask[0]=11111111011111110111111111111111, sa_flags=SA_RESTART|SA_SIGINFO
SIGINT: [libjvm.dylib+0x484a41], sa_mask[0]=11111111011111110111111111111111, sa_flags=SA_RESTART|SA_SIGINFO
SIGTERM: [libjvm.dylib+0x484a41], sa_mask[0]=11111111011111110111111111111111, sa_flags=SA_RESTART|SA_SIGINFO
SIGQUIT: [libjvm.dylib+0x484a41], sa_mask[0]=11111111011111110111111111111111, sa_flags=SA_RESTART|SA_SIGINFO


---------------  S Y S T E M  ---------------

OS:Bsduname:Darwin 16.1.0 Darwin Kernel Version 16.1.0: Thu Oct 13 21:26:57 PDT 2016; root:xnu-3789.21.3~60/RELEASE_X86_64 x86_64
rlimit: STACK 8192k, CORE 0k, NPROC 709, NOFILE 10240, AS infinity
load average:2.13 1.80 1.75

CPU:total 8 (4 cores per cpu, 2 threads per core) family 6 model 58 stepping 9, cmov, cx8, fxsr, mmx, sse, sse2, sse3, ssse3, sse4.1, sse4.2, popcnt, avx, aes, clmul, erms, ht, tsc, tscinvbit, tscinv

Memory: 4k page, physical 16777216k(205128k free)

/proc/meminfo:


vm_info: Java HotSpot(TM) 64-Bit Server VM (25.101-b13) for bsd-amd64 JRE (1.8.0_101-b13), built on Jun 22 2016 02:42:15 by "java_re" with gcc 4.2.1 (Based on Apple Inc. build 5658) (LLVM build 2336.11.00)

time: Thu Oct 27 01:44:05 2016
elapsed time: 199 seconds (0d 0h 3m 19s)

