#
# A fatal error has been detected by the Java Runtime Environment:
#
#  SIGSEGV (0xb) at pc=0x000000010e64c594, pid=6960, tid=0x0000000000004b03
#
# JRE version: Java(TM) SE Runtime Environment (8.0_101-b13) (build 1.8.0_101-b13)
# Java VM: Java HotSpot(TM) 64-Bit Server VM (25.101-b13 mixed mode bsd-amd64 compressed oops)
# Problematic frame:
# V  [libjvm.dylib+0x44c594]  Method::checked_resolve_jmethod_id(_jmethodID*)+0xe
#
# Failed to write core dump. Core dumps have been disabled. To enable core dumping, try "ulimit -c unlimited" before starting Java again
#
# If you would like to submit a bug report, please visit:
#   http://bugreport.java.com/bugreport/crash.jsp
#

---------------  T H R E A D  ---------------

Current thread (0x00007f9c5c03d800):  JavaThread "JDWP Transport Listener: dt_socket" daemon [_thread_in_vm, id=19203, stack(0x0000700005d50000,0x0000700005e50000)]

siginfo: si_signo: 11 (SIGSEGV), si_code: 0 (unknown), si_addr: 0x0000000000000000

Registers:
RAX=0x0000000000000001, RBX=0x0000700005e4fa8b, RCX=0x000000010ea1f360, RDX=0x0000700005e4fa8b
RSP=0x0000700005e4f9d0, RBP=0x0000700005e4f9e0, RSI=0x00007f9c5c03d800, RDI=0x100007f9c5bc3dc2
R8 =0x0000000000000000, R9 =0x00007f9c5bc50160, R10=0x0000000000000001, R11=0x0000000000000001
R12=0x00007f9c5c03d800, R13=0x100007f9c5bc3dc2, R14=0x100007f9c5bc3dc2, R15=0x00007f9c5bd011c0
RIP=0x000000010e64c594, EFLAGS=0x0000000000010202, ERR=0x0000000000000000
  TRAPNO=0x000000000000000d

Top of Stack: (sp=0x0000700005e4f9d0)
0x0000700005e4f9d0:   0000700005e4fa8b 0000700005e4fa8b
0x0000700005e4f9e0:   0000700005e4fa40 000000010e5580d2
0x0000700005e4f9f0:   00007f9c5c03d800 0000000000000000
0x0000700005e4fa00:   0000000000000000 0000000000000000
0x0000700005e4fa10:   00007f9c5c03d800 00007f9c5c03d800
0x0000700005e4fa20:   0000700005e4fa8b 0000700005e4fa90
0x0000700005e4fa30:   100007f9c5bc3dc2 0000000000000001
0x0000700005e4fa40:   0000700005e4fa60 000000010f1bd780
0x0000700005e4fa50:   0000000000000001 0000700005e4fb08
0x0000700005e4fa60:   0000700005e4fad0 000000010f1a21f3
0x0000700005e4fa70:   0000700005e4faa0 00007f9c5bc3dcd0
0x0000700005e4fa80:   0000000500000032 0000000100e4fb08
0x0000700005e4fa90:   0000000000000000 0000000000000000
0x0000700005e4faa0:   0000000000000000 0000700005e4fc90
0x0000700005e4fab0:   000000010f1c4e7a 00007f9c5bd1c620
0x0000700005e4fac0:   0000700005e4fb08 000000010f1d0598
0x0000700005e4fad0:   0000700005e4fae0 000000010f1a22ec
0x0000700005e4fae0:   0000700005e4fd00 000000010f1ab898
0x0000700005e4faf0:   000038df00000013 00000000000f0200
0x0000700005e4fb00:   00007f9c5bd24900 0000700005e4fb7d
0x0000700005e4fb10:   00007f9c00000107 0000700005e4fb20
0x0000700005e4fb20:   00007f9c00000025 0000700005e4fb58
0x0000700005e4fb30:   0000000000000000 0000000000000000
0x0000700005e4fb40:   000038df0000001c 00007f9c00006d80
0x0000700005e4fb50:   0000700005e4fb58 9c7f000005000000
0x0000700005e4fb60:   06000000607fc45b 00003e74696e693c
0x0000700005e4fb70:   0000005629280300 0000000100000000
0x0000700005e4fb80:   00000101000e0000 0000100000000000
0x0000700005e4fb90:   0000307ec45b9c7f 0000cb0000000000
0x0000700005e4fba0:   000102000e000000 001a000000000000
0x0000700005e4fbb0:   007078c45b9c7f00 000e000000000000
0x0000700005e4fbc0:   0103000e00000000 1b00000000000000 

Instructions: (pc=0x000000010e64c594)
0x000000010e64c574:   40 48 48 85 c0 75 e0 30 c0 0f b6 c0 5d c3 31 c0
0x000000010e64c584:   5d c3 55 48 89 e5 53 48 83 ec 08 48 85 ff 74 24
0x000000010e64c594:   48 8b 1f 48 85 db 74 1c 48 83 fb 37 74 16 48 8b
0x000000010e64c5a4:   03 48 89 df ff 50 10 84 c0 b8 00 00 00 00 48 0f 

Register to memory mapping:

RAX=0x0000000000000001 is an unknown value
RBX=0x0000700005e4fa8b is pointing into the stack for thread: 0x00007f9c5c03d800
RCX=0x000000010ea1f360: UseMembar+0 in /Library/Java/JavaVirtualMachines/jdk1.8.0_101.jdk/Contents/Home/jre/lib/server/libjvm.dylib at 0x000000010e200000
RDX=0x0000700005e4fa8b is pointing into the stack for thread: 0x00007f9c5c03d800
RSP=0x0000700005e4f9d0 is pointing into the stack for thread: 0x00007f9c5c03d800
RBP=0x0000700005e4f9e0 is pointing into the stack for thread: 0x00007f9c5c03d800
RSI=0x00007f9c5c03d800 is a thread
RDI=0x100007f9c5bc3dc2 is an unknown value
R8 =0x0000000000000000 is an unknown value
R9 =0x00007f9c5bc50160 is an unknown value
R10=0x0000000000000001 is an unknown value
R11=0x0000000000000001 is an unknown value
R12=0x00007f9c5c03d800 is a thread
R13=0x100007f9c5bc3dc2 is an unknown value
R14=0x100007f9c5bc3dc2 is an unknown value
R15=0x00007f9c5bd011c0 is an unknown value


Stack: [0x0000700005d50000,0x0000700005e50000],  sp=0x0000700005e4f9d0,  free space=1022k
Native frames: (J=compiled Java code, j=interpreted, Vv=VM code, C=native code)
V  [libjvm.dylib+0x44c594]  Method::checked_resolve_jmethod_id(_jmethodID*)+0xe
V  [libjvm.dylib+0x3580d2]  jvmti_IsMethodSynthetic+0xb2
C  [libjdwp.dylib+0x20780]  isMethodSynthetic+0x63
C  [libjdwp.dylib+0x51f3]  methods1+0x10b
C  [libjdwp.dylib+0x52ec]  methodsWithGeneric+0xe
C  [libjdwp.dylib+0xe898]  debugLoop_run+0x1ce
C  [libjdwp.dylib+0x1f6ba]  attachThread+0x4d
V  [libjvm.dylib+0x399438]  JvmtiAgentThread::call_start_function()+0x38
V  [libjvm.dylib+0x5695ab]  JavaThread::thread_main_inner()+0x9b
V  [libjvm.dylib+0x56ac98]  JavaThread::run()+0x1c2
V  [libjvm.dylib+0x48933a]  java_start(Thread*)+0xf6
C  [libsystem_pthread.dylib+0x3aab]  _pthread_body+0xb4
C  [libsystem_pthread.dylib+0x39f7]  _pthread_body+0x0
C  [libsystem_pthread.dylib+0x3221]  thread_start+0xd
C  0x0000000000000000


---------------  P R O C E S S  ---------------

Java Threads: ( => current thread )
  0x00007f9c5e009000 JavaThread "Service Thread" daemon [_thread_blocked, id=22787, stack(0x0000700006465000,0x0000700006565000)]
  0x00007f9c5c04c800 JavaThread "C1 CompilerThread3" daemon [_thread_blocked, id=22275, stack(0x0000700006362000,0x0000700006462000)]
  0x00007f9c5c82b800 JavaThread "C2 CompilerThread2" daemon [_thread_blocked, id=21763, stack(0x000070000625f000,0x000070000635f000)]
  0x00007f9c5c82a800 JavaThread "C2 CompilerThread1" daemon [_thread_blocked, id=21251, stack(0x000070000615c000,0x000070000625c000)]
  0x00007f9c5c829000 JavaThread "C2 CompilerThread0" daemon [_thread_blocked, id=20739, stack(0x0000700006059000,0x0000700006159000)]
  0x00007f9c5d046800 JavaThread "JDWP Command Reader" daemon [_thread_in_native, id=20227, stack(0x0000700005f56000,0x0000700006056000)]
  0x00007f9c5c03c800 JavaThread "JDWP Event Helper Thread" daemon [_thread_blocked, id=19715, stack(0x0000700005e53000,0x0000700005f53000)]
=>0x00007f9c5c03d800 JavaThread "JDWP Transport Listener: dt_socket" daemon [_thread_in_vm, id=19203, stack(0x0000700005d50000,0x0000700005e50000)]
  0x00007f9c5c041800 JavaThread "Signal Dispatcher" daemon [_thread_blocked, id=18691, stack(0x0000700005c4d000,0x0000700005d4d000)]
  0x00007f9c5d045800 JavaThread "Finalizer" daemon [_thread_blocked, id=14595, stack(0x0000700005b4a000,0x0000700005c4a000)]
  0x00007f9c5d043000 JavaThread "Reference Handler" daemon [_thread_blocked, id=14083, stack(0x0000700005a47000,0x0000700005b47000)]
  0x00007f9c5d005800 JavaThread "main" [_thread_blocked, id=7171, stack(0x0000700005029000,0x0000700005129000)]

Other Threads:
  0x00007f9c5d03e800 VMThread [stack: 0x0000700005944000,0x0000700005a44000] [id=13571]
  0x00007f9c5c83c800 WatcherThread [stack: 0x0000700006568000,0x0000700006668000] [id=23299]

VM state:not at safepoint (normal execution)

VM Mutex/Monitor currently owned by a thread: None

Heap:
 PSYoungGen      total 76288K, used 6553K [0x000000076ab00000, 0x0000000770000000, 0x00000007c0000000)
  eden space 65536K, 10% used [0x000000076ab00000,0x000000076b1666d8,0x000000076eb00000)
  from space 10752K, 0% used [0x000000076f580000,0x000000076f580000,0x0000000770000000)
  to   space 10752K, 0% used [0x000000076eb00000,0x000000076eb00000,0x000000076f580000)
 ParOldGen       total 175104K, used 0K [0x00000006c0000000, 0x00000006cab00000, 0x000000076ab00000)
  object space 175104K, 0% used [0x00000006c0000000,0x00000006c0000000,0x00000006cab00000)
 Metaspace       used 4128K, capacity 5036K, committed 5248K, reserved 1056768K
  class space    used 472K, capacity 526K, committed 640K, reserved 1048576K

Card table byte_map: [0x000000010f5b1000,0x000000010fdb2000] byte_map_base: 0x000000010bfb1000

Marking Bits: (ParMarkBitMap*) 0x000000010eaedd20
 Begin Bits: [0x0000000121918000, 0x0000000125918000)
 End Bits:   [0x0000000125918000, 0x0000000129918000)

Polling page: 0x000000010d1f1000

CodeCache: size=245760Kb used=1629Kb max_used=1636Kb free=244130Kb
 bounds [0x0000000112918000, 0x0000000112b88000, 0x0000000121918000]
 total_blobs=521 nmethods=272 adapters=171
 compilation: enabled

Compilation events (10 events):
Event: 0.259 Thread 0x00007f9c5c04c800 nmethod 266 0x0000000112aad250 code [0x0000000112aad400, 0x0000000112aad928]
Event: 0.259 Thread 0x00007f9c5c04c800  252       1       java.lang.invoke.LambdaForm::arity (5 bytes)
Event: 0.259 Thread 0x00007f9c5c04c800 nmethod 252 0x0000000112aadb90 code [0x0000000112aadce0, 0x0000000112aaddf0]
Event: 0.260 Thread 0x00007f9c5c82a800 nmethod 264 0x0000000112ab0d50 code [0x0000000112ab0ec0, 0x0000000112ab11d8]
Event: 0.262 Thread 0x00007f9c5c04c800  270       3       jdk.internal.org.objectweb.asm.ByteVector::<init> (13 bytes)
Event: 0.263 Thread 0x00007f9c5c04c800 nmethod 270 0x0000000112ab08d0 code [0x0000000112ab0a40, 0x0000000112ab0c90]
Event: 0.263 Thread 0x00007f9c5c04c800  272       3       jdk.internal.org.objectweb.asm.ByteVector::putByteArray (49 bytes)
Event: 0.263 Thread 0x00007f9c5c04c800 nmethod 272 0x0000000112ab0310 code [0x0000000112ab04a0, 0x0000000112ab07d8]
Event: 0.263 Thread 0x00007f9c5c04c800  271       3       sun.reflect.misc.ReflectUtil::isVMAnonymousClass (19 bytes)
Event: 0.263 Thread 0x00007f9c5c04c800 nmethod 271 0x0000000112aaf990 code [0x0000000112aafb40, 0x0000000112ab0098]

GC Heap History (0 events):
No events

Deoptimization events (0 events):
No events

Internal exceptions (4 events):
Event: 0.032 Thread 0x00007f9c5d005800 Exception <a 'java/lang/NoSuchMethodError': Method sun.misc.Unsafe.defineClass(Ljava/lang/String;[BII)Ljava/lang/Class; name or signature does not match> (0x000000076ab07cc0) thrown at [/HUDSON3/workspace/8-2-build-macosx-x86_64/jdk8u101/7261/hotspot/src/
Event: 0.032 Thread 0x00007f9c5d005800 Exception <a 'java/lang/NoSuchMethodError': Method sun.misc.Unsafe.prefetchRead(Ljava/lang/Object;J)V name or signature does not match> (0x000000076ab07fa8) thrown at [/HUDSON3/workspace/8-2-build-macosx-x86_64/jdk8u101/7261/hotspot/src/share/vm/prims/jni
Event: 0.236 Thread 0x00007f9c5d005800 Exception <a 'java/lang/NoSuchFieldError': method resolution failed> (0x000000076b00dbc0) thrown at [/HUDSON3/workspace/8-2-build-macosx-x86_64/jdk8u101/7261/hotspot/src/share/vm/prims/methodHandles.cpp, line 1146]
Event: 0.241 Thread 0x00007f9c5d005800 Exception <a 'java/lang/NoSuchFieldError': method resolution failed> (0x000000076b01b360) thrown at [/HUDSON3/workspace/8-2-build-macosx-x86_64/jdk8u101/7261/hotspot/src/share/vm/prims/methodHandles.cpp, line 1146]

Events (10 events):
Event: 207.699 Executing VM operation: GetCurrentLocation
Event: 207.699 Executing VM operation: GetCurrentLocation done
Event: 207.699 Executing VM operation: EnterInterpOnlyMode
Event: 207.699 Executing VM operation: EnterInterpOnlyMode done
Event: 207.699 Executing VM operation: ChangeSingleStep
Event: 207.699 Executing VM operation: ChangeSingleStep done
Event: 207.699 Executing VM operation: ChangeSingleStep
Event: 207.699 Executing VM operation: ChangeSingleStep done
Event: 207.701 Executing VM operation: RedefineClasses
Event: 207.702 Executing VM operation: RedefineClasses done


Dynamic libraries:
0x0000000036e0a000 	/System/Library/Frameworks/Cocoa.framework/Versions/A/Cocoa
0x0000000036e0a000 	/System/Library/Frameworks/Security.framework/Versions/A/Security
0x0000000036e0a000 	/System/Library/Frameworks/ApplicationServices.framework/Versions/A/ApplicationServices
0x0000000036e0a000 	/usr/lib/libz.1.dylib
0x0000000036e0a000 	/usr/lib/libSystem.B.dylib
0x0000000036e0a000 	/usr/lib/libobjc.A.dylib
0x0000000036e0a000 	/System/Library/Frameworks/CoreFoundation.framework/Versions/A/CoreFoundation
0x0000000036e0a000 	/System/Library/Frameworks/Foundation.framework/Versions/C/Foundation
0x0000000036e0a000 	/System/Library/Frameworks/AppKit.framework/Versions/C/AppKit
0x0000000036e0a000 	/System/Library/Frameworks/CoreData.framework/Versions/A/CoreData
0x0000000036e0a000 	/System/Library/PrivateFrameworks/RemoteViewServices.framework/Versions/A/RemoteViewServices
0x0000000036e0a000 	/System/Library/PrivateFrameworks/UIFoundation.framework/Versions/A/UIFoundation
0x0000000036e0a000 	/usr/lib/libenergytrace.dylib
0x0000000036e0a000 	/System/Library/PrivateFrameworks/SkyLight.framework/Versions/A/SkyLight
0x0000000036e0a000 	/System/Library/Frameworks/CoreGraphics.framework/Versions/A/CoreGraphics
0x0000000036e0a000 	/usr/lib/libScreenReader.dylib
0x0000000036e0a000 	/System/Library/Frameworks/Accelerate.framework/Versions/A/Accelerate
0x0000000036e0a000 	/System/Library/Frameworks/IOSurface.framework/Versions/A/IOSurface
0x0000000036e0a000 	/System/Library/Frameworks/AudioToolbox.framework/Versions/A/AudioToolbox
0x0000000036e0a000 	/System/Library/Frameworks/AudioUnit.framework/Versions/A/AudioUnit
0x0000000036e0a000 	/System/Library/PrivateFrameworks/DataDetectorsCore.framework/Versions/A/DataDetectorsCore
0x0000000036e0a000 	/System/Library/PrivateFrameworks/DesktopServicesPriv.framework/Versions/A/DesktopServicesPriv
0x0000000036e0a000 	/System/Library/Frameworks/Carbon.framework/Versions/A/Frameworks/HIToolbox.framework/Versions/A/HIToolbox
0x0000000036e0a000 	/usr/lib/libicucore.A.dylib
0x0000000036e0a000 	/System/Library/Frameworks/QuartzCore.framework/Versions/A/QuartzCore
0x0000000036e0a000 	/System/Library/Frameworks/Carbon.framework/Versions/A/Frameworks/SpeechRecognition.framework/Versions/A/SpeechRecognition
0x0000000036e0a000 	/usr/lib/libauto.dylib
0x0000000036e0a000 	/usr/lib/libxml2.2.dylib
0x0000000036e0a000 	/System/Library/PrivateFrameworks/CoreUI.framework/Versions/A/CoreUI
0x0000000036e0a000 	/System/Library/Frameworks/CoreAudio.framework/Versions/A/CoreAudio
0x0000000036e0a000 	/System/Library/Frameworks/DiskArbitration.framework/Versions/A/DiskArbitration
0x0000000036e0a000 	/usr/lib/liblangid.dylib
0x0000000036e0a000 	/System/Library/PrivateFrameworks/MultitouchSupport.framework/Versions/A/MultitouchSupport
0x0000000036e0a000 	/System/Library/Frameworks/IOKit.framework/Versions/A/IOKit
0x0000000036e0a000 	/usr/lib/libDiagnosticMessagesClient.dylib
0x0000000036e0a000 	/System/Library/Frameworks/CoreServices.framework/Versions/A/CoreServices
0x0000000036e0a000 	/System/Library/PrivateFrameworks/PerformanceAnalysis.framework/Versions/A/PerformanceAnalysis
0x0000000036e0a000 	/System/Library/PrivateFrameworks/GenerationalStorage.framework/Versions/A/GenerationalStorage
0x0000000036e0a000 	/System/Library/Frameworks/OpenGL.framework/Versions/A/OpenGL
0x0000000036e0a000 	/System/Library/Frameworks/CoreImage.framework/Versions/A/CoreImage
0x0000000036e0a000 	/System/Library/Frameworks/CoreText.framework/Versions/A/CoreText
0x0000000036e0a000 	/System/Library/Frameworks/ImageIO.framework/Versions/A/ImageIO
0x0000000036e0a000 	/System/Library/PrivateFrameworks/Backup.framework/Versions/A/Backup
0x0000000036e0a000 	/usr/lib/libarchive.2.dylib
0x0000000036e0a000 	/System/Library/Frameworks/CFNetwork.framework/Versions/A/CFNetwork
0x0000000036e0a000 	/System/Library/Frameworks/SystemConfiguration.framework/Versions/A/SystemConfiguration
0x0000000036e0a000 	/usr/lib/libCRFSuite.dylib
0x0000000036e0a000 	/usr/lib/libc++.1.dylib
0x0000000036e0a000 	/usr/lib/libc++abi.dylib
0x0000000036e0a000 	/usr/lib/system/libcache.dylib
0x0000000036e0a000 	/usr/lib/system/libcommonCrypto.dylib
0x0000000036e0a000 	/usr/lib/system/libcompiler_rt.dylib
0x0000000036e0a000 	/usr/lib/system/libcopyfile.dylib
0x0000000036e0a000 	/usr/lib/system/libcorecrypto.dylib
0x0000000036e0a000 	/usr/lib/system/libdispatch.dylib
0x0000000036e0a000 	/usr/lib/system/libdyld.dylib
0x0000000036e0a000 	/usr/lib/system/libkeymgr.dylib
0x0000000036e0a000 	/usr/lib/system/liblaunch.dylib
0x0000000036e0a000 	/usr/lib/system/libmacho.dylib
0x0000000036e0a000 	/usr/lib/system/libquarantine.dylib
0x0000000036e0a000 	/usr/lib/system/libremovefile.dylib
0x0000000036e0a000 	/usr/lib/system/libsystem_asl.dylib
0x0000000036e0a000 	/usr/lib/system/libsystem_blocks.dylib
0x0000000036e0a000 	/usr/lib/system/libsystem_c.dylib
0x0000000036e0a000 	/usr/lib/system/libsystem_configuration.dylib
0x0000000036e0a000 	/usr/lib/system/libsystem_coreservices.dylib
0x0000000036e0a000 	/usr/lib/system/libsystem_coretls.dylib
0x0000000036e0a000 	/usr/lib/system/libsystem_dnssd.dylib
0x0000000036e0a000 	/usr/lib/system/libsystem_info.dylib
0x0000000036e0a000 	/usr/lib/system/libsystem_kernel.dylib
0x0000000036e0a000 	/usr/lib/system/libsystem_m.dylib
0x0000000036e0a000 	/usr/lib/system/libsystem_malloc.dylib
0x0000000036e0a000 	/usr/lib/system/libsystem_network.dylib
0x0000000036e0a000 	/usr/lib/system/libsystem_networkextension.dylib
0x0000000036e0a000 	/usr/lib/system/libsystem_notify.dylib
0x0000000036e0a000 	/usr/lib/system/libsystem_platform.dylib
0x0000000036e0a000 	/usr/lib/system/libsystem_pthread.dylib
0x0000000036e0a000 	/usr/lib/system/libsystem_sandbox.dylib
0x0000000036e0a000 	/usr/lib/system/libsystem_secinit.dylib
0x0000000036e0a000 	/usr/lib/system/libsystem_symptoms.dylib
0x0000000036e0a000 	/usr/lib/system/libsystem_trace.dylib
0x0000000036e0a000 	/usr/lib/system/libunwind.dylib
0x0000000036e0a000 	/usr/lib/system/libxpc.dylib
0x0000000036e0a000 	/usr/lib/libbsm.0.dylib
0x0000000036e0a000 	/usr/lib/system/libkxld.dylib
0x0000000036e0a000 	/usr/lib/libcoretls.dylib
0x0000000036e0a000 	/usr/lib/libcoretls_cfhelpers.dylib
0x0000000036e0a000 	/usr/lib/libxar.1.dylib
0x0000000036e0a000 	/usr/lib/libsqlite3.dylib
0x0000000036e0a000 	/usr/lib/libpam.2.dylib
0x0000000036e0a000 	/usr/lib/libOpenScriptingUtil.dylib
0x0000000036e0a000 	/usr/lib/libbz2.1.0.dylib
0x0000000036e0a000 	/usr/lib/liblzma.5.dylib
0x0000000036e0a000 	/usr/lib/libnetwork.dylib
0x0000000036e0a000 	/usr/lib/libpcap.A.dylib
0x0000000036e0a000 	/System/Library/Frameworks/CoreServices.framework/Versions/A/Frameworks/FSEvents.framework/Versions/A/FSEvents
0x0000000036e0a000 	/System/Library/Frameworks/CoreServices.framework/Versions/A/Frameworks/CarbonCore.framework/Versions/A/CarbonCore
0x0000000036e0a000 	/System/Library/Frameworks/CoreServices.framework/Versions/A/Frameworks/Metadata.framework/Versions/A/Metadata
0x0000000036e0a000 	/System/Library/Frameworks/CoreServices.framework/Versions/A/Frameworks/OSServices.framework/Versions/A/OSServices
0x0000000036e0a000 	/System/Library/Frameworks/CoreServices.framework/Versions/A/Frameworks/SearchKit.framework/Versions/A/SearchKit
0x0000000036e0a000 	/System/Library/Frameworks/CoreServices.framework/Versions/A/Frameworks/AE.framework/Versions/A/AE
0x0000000036e0a000 	/System/Library/Frameworks/CoreServices.framework/Versions/A/Frameworks/LaunchServices.framework/Versions/A/LaunchServices
0x0000000036e0a000 	/System/Library/Frameworks/CoreServices.framework/Versions/A/Frameworks/DictionaryServices.framework/Versions/A/DictionaryServices
0x0000000036e0a000 	/System/Library/Frameworks/CoreServices.framework/Versions/A/Frameworks/SharedFileList.framework/Versions/A/SharedFileList
0x0000000036e0a000 	/System/Library/Frameworks/NetFS.framework/Versions/A/NetFS
0x0000000036e0a000 	/System/Library/PrivateFrameworks/NetAuth.framework/Versions/A/NetAuth
0x0000000036e0a000 	/System/Library/PrivateFrameworks/login.framework/Versions/A/Frameworks/loginsupport.framework/Versions/A/loginsupport
0x0000000036e0a000 	/System/Library/PrivateFrameworks/TCC.framework/Versions/A/TCC
0x0000000036e0a000 	/usr/lib/libmecabra.dylib
0x0000000036e0a000 	/System/Library/Frameworks/ApplicationServices.framework/Versions/A/Frameworks/ATS.framework/Versions/A/ATS
0x0000000036e0a000 	/System/Library/Frameworks/ApplicationServices.framework/Versions/A/Frameworks/ColorSync.framework/Versions/A/ColorSync
0x0000000036e0a000 	/System/Library/Frameworks/ApplicationServices.framework/Versions/A/Frameworks/HIServices.framework/Versions/A/HIServices
0x0000000036e0a000 	/System/Library/Frameworks/ApplicationServices.framework/Versions/A/Frameworks/LangAnalysis.framework/Versions/A/LangAnalysis
0x0000000036e0a000 	/System/Library/Frameworks/ApplicationServices.framework/Versions/A/Frameworks/PrintCore.framework/Versions/A/PrintCore
0x0000000036e0a000 	/System/Library/Frameworks/ApplicationServices.framework/Versions/A/Frameworks/QD.framework/Versions/A/QD
0x0000000036e0a000 	/System/Library/Frameworks/ApplicationServices.framework/Versions/A/Frameworks/SpeechSynthesis.framework/Versions/A/SpeechSynthesis
0x0000000036e0a000 	/System/Library/Frameworks/Accelerate.framework/Versions/A/Frameworks/vImage.framework/Versions/A/vImage
0x0000000036e0a000 	/System/Library/Frameworks/Accelerate.framework/Versions/A/Frameworks/vecLib.framework/Versions/A/vecLib
0x0000000036e0a000 	/System/Library/Frameworks/Accelerate.framework/Versions/A/Frameworks/vecLib.framework/Versions/A/libvDSP.dylib
0x0000000036e0a000 	/System/Library/Frameworks/Accelerate.framework/Versions/A/Frameworks/vecLib.framework/Versions/A/libBNNS.dylib
0x0000000036e0a000 	/System/Library/Frameworks/Accelerate.framework/Versions/A/Frameworks/vecLib.framework/Versions/A/libQuadrature.dylib
0x0000000036e0a000 	/System/Library/Frameworks/Accelerate.framework/Versions/A/Frameworks/vecLib.framework/Versions/A/libvMisc.dylib
0x0000000036e0a000 	/System/Library/Frameworks/Accelerate.framework/Versions/A/Frameworks/vecLib.framework/Versions/A/libLAPACK.dylib
0x0000000036e0a000 	/System/Library/Frameworks/Accelerate.framework/Versions/A/Frameworks/vecLib.framework/Versions/A/libBLAS.dylib
0x0000000036e0a000 	/System/Library/Frameworks/Accelerate.framework/Versions/A/Frameworks/vecLib.framework/Versions/A/libLinearAlgebra.dylib
0x0000000036e0a000 	/System/Library/Frameworks/Accelerate.framework/Versions/A/Frameworks/vecLib.framework/Versions/A/libSparseBLAS.dylib
0x0000000036e0a000 	/System/Library/Frameworks/ApplicationServices.framework/Versions/A/Frameworks/ATS.framework/Versions/A/Resources/libFontParser.dylib
0x0000000036e0a000 	/System/Library/Frameworks/ApplicationServices.framework/Versions/A/Frameworks/ATS.framework/Versions/A/Resources/libFontRegistry.dylib
0x0000000036e0a000 	/System/Library/Frameworks/ImageIO.framework/Versions/A/Resources/libJPEG.dylib
0x0000000036e0a000 	/System/Library/Frameworks/ImageIO.framework/Versions/A/Resources/libTIFF.dylib
0x0000000036e0a000 	/System/Library/Frameworks/ImageIO.framework/Versions/A/Resources/libPng.dylib
0x0000000036e0a000 	/System/Library/Frameworks/ImageIO.framework/Versions/A/Resources/libGIF.dylib
0x0000000036e0a000 	/System/Library/Frameworks/ImageIO.framework/Versions/A/Resources/libJP2.dylib
0x0000000036e0a000 	/System/Library/Frameworks/ImageIO.framework/Versions/A/Resources/libRadiance.dylib
0x0000000036e0a000 	/usr/lib/libcompression.dylib
0x0000000036e0a000 	/System/Library/PrivateFrameworks/AppleJPEG.framework/Versions/A/AppleJPEG
0x0000000036e0a000 	/usr/lib/libcups.2.dylib
0x0000000036e0a000 	/System/Library/Frameworks/Kerberos.framework/Versions/A/Kerberos
0x0000000036e0a000 	/System/Library/Frameworks/GSS.framework/Versions/A/GSS
0x0000000036e0a000 	/usr/lib/libresolv.9.dylib
0x0000000036e0a000 	/usr/lib/libiconv.2.dylib
0x0000000036e0a000 	/System/Library/PrivateFrameworks/Heimdal.framework/Versions/A/Heimdal
0x0000000036e0a000 	/usr/lib/libheimdal-asn1.dylib
0x0000000036e0a000 	/System/Library/Frameworks/OpenDirectory.framework/Versions/A/OpenDirectory
0x0000000036e0a000 	/System/Library/PrivateFrameworks/CommonAuth.framework/Versions/A/CommonAuth
0x0000000036e0a000 	/System/Library/Frameworks/OpenDirectory.framework/Versions/A/Frameworks/CFOpenDirectory.framework/Versions/A/CFOpenDirectory
0x0000000036e0a000 	/System/Library/Frameworks/SecurityFoundation.framework/Versions/A/SecurityFoundation
0x0000000036e0a000 	/System/Library/PrivateFrameworks/LanguageModeling.framework/Versions/A/LanguageModeling
0x0000000036e0a000 	/usr/lib/libmarisa.dylib
0x0000000036e0a000 	/usr/lib/libChineseTokenizer.dylib
0x0000000036e0a000 	/usr/lib/libcmph.dylib
0x0000000036e0a000 	/System/Library/PrivateFrameworks/CoreEmoji.framework/Versions/A/CoreEmoji
0x0000000036e0a000 	/System/Library/Frameworks/ServiceManagement.framework/Versions/A/ServiceManagement
0x0000000036e0a000 	/usr/lib/libxslt.1.dylib
0x0000000036e0a000 	/System/Library/Frameworks/Carbon.framework/Versions/A/Frameworks/Ink.framework/Versions/A/Ink
0x0000000036e0a000 	/System/Library/PrivateFrameworks/TextureIO.framework/Versions/A/TextureIO
0x0000000036e0a000 	/System/Library/Frameworks/Metal.framework/Versions/A/Metal
0x0000000036e0a000 	/usr/lib/libate.dylib
0x0000000036e0a000 	/System/Library/PrivateFrameworks/GPUCompiler.framework/libmetal_timestamp.dylib
0x0000000036e0a000 	/System/Library/Frameworks/OpenGL.framework/Versions/A/Libraries/libCoreFSCache.dylib
0x0000000036e0a000 	/System/Library/PrivateFrameworks/IOAccelerator.framework/Versions/A/IOAccelerator
0x0000000036e0a000 	/System/Library/Frameworks/CoreVideo.framework/Versions/A/CoreVideo
0x0000000036e0a000 	/usr/lib/libFosl_dynamic.dylib
0x0000000036e0a000 	/System/Library/PrivateFrameworks/MetalPerformanceShaders.framework/Versions/A/MetalPerformanceShaders
0x0000000036e0a000 	/System/Library/PrivateFrameworks/FaceCore.framework/Versions/A/FaceCore
0x0000000036e0a000 	/System/Library/Frameworks/OpenCL.framework/Versions/A/OpenCL
0x0000000036e0a000 	/System/Library/Frameworks/OpenGL.framework/Versions/A/Libraries/libGLU.dylib
0x0000000036e0a000 	/System/Library/Frameworks/OpenGL.framework/Versions/A/Libraries/libGFXShared.dylib
0x0000000036e0a000 	/System/Library/Frameworks/OpenGL.framework/Versions/A/Libraries/libGL.dylib
0x0000000036e0a000 	/System/Library/Frameworks/OpenGL.framework/Versions/A/Libraries/libGLImage.dylib
0x0000000036e0a000 	/System/Library/Frameworks/OpenGL.framework/Versions/A/Libraries/libCVMSPluginSupport.dylib
0x0000000036e0a000 	/System/Library/Frameworks/OpenGL.framework/Versions/A/Libraries/libCoreVMClient.dylib
0x0000000036e0a000 	/System/Library/PrivateFrameworks/CrashReporterSupport.framework/Versions/A/CrashReporterSupport
0x0000000036e0a000 	/System/Library/PrivateFrameworks/Sharing.framework/Versions/A/Sharing
0x0000000036e0a000 	/System/Library/PrivateFrameworks/IconServices.framework/Versions/A/IconServices
0x0000000036e0a000 	/System/Library/PrivateFrameworks/ProtocolBuffer.framework/Versions/A/ProtocolBuffer
0x0000000036e0a000 	/System/Library/PrivateFrameworks/Apple80211.framework/Versions/A/Apple80211
0x0000000036e0a000 	/System/Library/Frameworks/CoreWLAN.framework/Versions/A/CoreWLAN
0x0000000036e0a000 	/System/Library/PrivateFrameworks/CoreUtils.framework/Versions/A/CoreUtils
0x0000000036e0a000 	/System/Library/Frameworks/IOBluetooth.framework/Versions/A/IOBluetooth
0x0000000036e0a000 	/System/Library/PrivateFrameworks/CoreWiFi.framework/Versions/A/CoreWiFi
0x0000000036e0a000 	/System/Library/Frameworks/CoreBluetooth.framework/Versions/A/CoreBluetooth
0x0000000036e0a000 	/System/Library/Frameworks/CoreDisplay.framework/Versions/A/CoreDisplay
0x0000000036e0a000 	/System/Library/PrivateFrameworks/IOPresentment.framework/Versions/A/IOPresentment
0x0000000036e0a000 	/System/Library/PrivateFrameworks/DebugSymbols.framework/Versions/A/DebugSymbols
0x0000000036e0a000 	/System/Library/PrivateFrameworks/CoreSymbolication.framework/Versions/A/CoreSymbolication
0x0000000036e0a000 	/System/Library/PrivateFrameworks/Symbolication.framework/Versions/A/Symbolication
0x0000000036e0a000 	/System/Library/PrivateFrameworks/AppleFSCompression.framework/Versions/A/AppleFSCompression
0x0000000036e0a000 	/System/Library/PrivateFrameworks/SpeechRecognitionCore.framework/Versions/A/SpeechRecognitionCore
0x0000000036e0a000 	/System/Library/PrivateFrameworks/ChunkingLibrary.framework/Versions/A/ChunkingLibrary
0x000000010e200000 	/Library/Java/JavaVirtualMachines/jdk1.8.0_101.jdk/Contents/Home/jre/lib/server/libjvm.dylib
0x0000000036e0a000 	/usr/lib/libstdc++.6.dylib
0x000000010d1ae000 	/Library/Java/JavaVirtualMachines/jdk1.8.0_101.jdk/Contents/Home/jre/lib/libverify.dylib
0x000000010d1bc000 	/Library/Java/JavaVirtualMachines/jdk1.8.0_101.jdk/Contents/Home/jre/lib/libjava.dylib
0x000000010f19d000 	/Library/Java/JavaVirtualMachines/jdk1.8.0_101.jdk/Contents/Home/jre/lib/libjdwp.dylib
0x000000010d1f2000 	/Library/Java/JavaVirtualMachines/jdk1.8.0_101.jdk/Contents/Home/jre/lib/libnpt.dylib
0x000000010f1e8000 	/Library/Java/JavaVirtualMachines/jdk1.8.0_101.jdk/Contents/Home/jre/lib/libzip.dylib
0x000000012a338000 	/System/Library/Frameworks/JavaVM.framework/Frameworks/JavaRuntimeSupport.framework/JavaRuntimeSupport
0x000000012a352000 	/System/Library/Frameworks/JavaVM.framework/Versions/A/Frameworks/JavaNativeFoundation.framework/Versions/A/JavaNativeFoundation
0x000000012a367000 	/System/Library/Frameworks/JavaVM.framework/Versions/A/JavaVM
0x0000000036e0a000 	/System/Library/Frameworks/Carbon.framework/Versions/A/Carbon
0x000000012a374000 	/System/Library/PrivateFrameworks/JavaLaunching.framework/Versions/A/JavaLaunching
0x0000000036e0a000 	/System/Library/Frameworks/Carbon.framework/Versions/A/Frameworks/CommonPanels.framework/Versions/A/CommonPanels
0x0000000036e0a000 	/System/Library/Frameworks/Carbon.framework/Versions/A/Frameworks/Help.framework/Versions/A/Help
0x0000000036e0a000 	/System/Library/Frameworks/Carbon.framework/Versions/A/Frameworks/ImageCapture.framework/Versions/A/ImageCapture
0x0000000036e0a000 	/System/Library/Frameworks/Carbon.framework/Versions/A/Frameworks/OpenScripting.framework/Versions/A/OpenScripting
0x0000000036e0a000 	/System/Library/Frameworks/Carbon.framework/Versions/A/Frameworks/Print.framework/Versions/A/Print
0x0000000036e0a000 	/System/Library/Frameworks/Carbon.framework/Versions/A/Frameworks/SecurityHI.framework/Versions/A/SecurityHI
0x000000012bc7a000 	/Library/Java/JavaVirtualMachines/jdk1.8.0_101.jdk/Contents/Home/jre/lib/libdt_socket.dylib

VM Arguments:
jvm_args: -agentlib:jdwp=transport=dt_socket,suspend=y,address=localhost:58189 -ea -ea -Dfile.encoding=UTF-8 
java_command: applications.PikaCodeGenerator input/currentTest.pika
java_class_path (initial): /Users/ebarer/Documents/Google Drive/Term 6 - Fall 2016/CMPT 379/Assignments/CMPT379-Fall2016/pika/bin:/Users/ebarer/.p2/pool/plugins/org.junit_4.12.0.v201504281640/junit.jar:/Users/ebarer/.p2/pool/plugins/org.hamcrest.core_1.3.0.v201303031735.jar
Launcher Type: SUN_STANDARD

Environment Variables:
PATH=/usr/bin:/bin:/usr/sbin:/sbin
SHELL=/bin/bash
DISPLAY=/private/tmp/com.apple.launchd.W2WmJayMXy/org.macosforge.xquartz:0

Signal Handlers:
SIGSEGV: [libjvm.dylib+0x5af145], sa_mask[0]=11111111011111110111111111111111, sa_flags=SA_ONSTACK|SA_RESTART|SA_SIGINFO
SIGBUS: [libjvm.dylib+0x5af145], sa_mask[0]=11111111011111110111111111111111, sa_flags=SA_RESTART|SA_SIGINFO
SIGFPE: [libjvm.dylib+0x48694c], sa_mask[0]=11111111011111110111111111111111, sa_flags=SA_RESTART|SA_SIGINFO
SIGPIPE: [libjvm.dylib+0x48694c], sa_mask[0]=11111111011111110111111111111111, sa_flags=SA_RESTART|SA_SIGINFO
SIGXFSZ: [libjvm.dylib+0x48694c], sa_mask[0]=11111111011111110111111111111111, sa_flags=SA_RESTART|SA_SIGINFO
SIGILL: [libjvm.dylib+0x48694c], sa_mask[0]=11111111011111110111111111111111, sa_flags=SA_RESTART|SA_SIGINFO
SIGUSR1: SIG_DFL, sa_mask[0]=00000000000000000000000000000000, sa_flags=none
SIGUSR2: [libjvm.dylib+0x48646a], sa_mask[0]=00100000000000000000000000000000, sa_flags=SA_RESTART|SA_SIGINFO
SIGHUP: [libjvm.dylib+0x484a41], sa_mask[0]=11111111011111110111111111111111, sa_flags=SA_RESTART|SA_SIGINFO
SIGINT: [libjvm.dylib+0x484a41], sa_mask[0]=11111111011111110111111111111111, sa_flags=SA_RESTART|SA_SIGINFO
SIGTERM: [libjvm.dylib+0x484a41], sa_mask[0]=11111111011111110111111111111111, sa_flags=SA_RESTART|SA_SIGINFO
SIGQUIT: [libjvm.dylib+0x484a41], sa_mask[0]=11111111011111110111111111111111, sa_flags=SA_RESTART|SA_SIGINFO


---------------  S Y S T E M  ---------------

OS:Bsduname:Darwin 16.1.0 Darwin Kernel Version 16.1.0: Thu Oct 13 21:26:57 PDT 2016; root:xnu-3789.21.3~60/RELEASE_X86_64 x86_64
rlimit: STACK 8192k, CORE 0k, NPROC 709, NOFILE 10240, AS infinity
load average:1.65 1.78 1.82

CPU:total 8 (4 cores per cpu, 2 threads per core) family 6 model 58 stepping 9, cmov, cx8, fxsr, mmx, sse, sse2, sse3, ssse3, sse4.1, sse4.2, popcnt, avx, aes, clmul, erms, ht, tsc, tscinvbit, tscinv

Memory: 4k page, physical 16777216k(769312k free)

/proc/meminfo:


vm_info: Java HotSpot(TM) 64-Bit Server VM (25.101-b13) for bsd-amd64 JRE (1.8.0_101-b13), built on Jun 22 2016 02:42:15 by "java_re" with gcc 4.2.1 (Based on Apple Inc. build 5658) (LLVM build 2336.11.00)

time: Wed Oct 26 23:26:06 2016
elapsed time: 207 seconds (0d 0h 3m 27s)

